Arguments: 
  D:\Program Files\nodejs\node.exe C:\Users\yuekesoft\AppData\Roaming\npm\node_modules\yarn\bin\yarn.js add vuepress@next vuepress-theme-reco@next

PATH: 
  C:\Program Files (x86)\Embarcadero\Studio\20.0\bin;C:\Users\Public\Documents\Embarcadero\Studio\20.0\Bpl;C:\Program Files (x86)\Embarcadero\Studio\20.0\bin64;C:\Users\Public\Documents\Embarcadero\Studio\20.0\Bpl\Win64;C:\Windows\system32;C:\Windows;C:\Windows\System32\Wbem;C:\Windows\System32\WindowsPowerShell\v1.0\;C:\Windows\System32\OpenSSH\;C:\Program Files\Git\cmd;D:\Program Files\nodejs\;C:\Users\yuekesoft\AppData\Local\Microsoft\WindowsApps;;d:\Users\yuekesoft\AppData\Local\Programs\Microsoft VS Code\bin;C:\Users\yuekesoft\AppData\Roaming\npm

Yarn version: 
  1.22.19

Node version: 
  16.17.0

Platform: 
  win32 x64

Trace: 
  Error: https://registry.npmmirror.com/@vicons/tabler/-/tabler-0.12.0.tgz: ESOCKETTIMEDOUT
      at ClientRequest.<anonymous> (C:\Users\yuekesoft\AppData\Roaming\npm\node_modules\yarn\lib\cli.js:141517:19)
      at Object.onceWrapper (node:events:627:28)
      at ClientRequest.emit (node:events:513:28)
      at TLSSocket.emitRequestTimeout (node:_http_client:814:9)
      at Object.onceWrapper (node:events:627:28)
      at TLSSocket.emit (node:events:525:35)
      at TLSSocket.Socket._onTimeout (node:net:526:8)
      at listOnTimeout (node:internal/timers:559:17)
      at processTimers (node:internal/timers:502:7)

npm manifest: 
  {
    "name": "vuepress2x",
    "version": "1.0.0",
    "main": "index.js",
    "author": "yuekesoft <1961339@qq.com>",
    "license": "MIT",
    "devDependencies": {
      "vuepress": "^2.0.0-beta.51"
    },
    "scripts": {
      "docs:dev": "vuepress dev docs",
      "docs:build": "vuepress build docs"
    },
    "dependencies": {
      "@vuepress-reco/style-default": "^2.0.1-alpha.1"
    }
  }

yarn manifest: 
  No manifest

Lockfile: 
  # THIS IS AN AUTOGENERATED FILE. DO NOT EDIT THIS FILE DIRECTLY.
  # yarn lockfile v1
  
  
  "@babel/code-frame@^7.0.0":
    "integrity" "sha512-TDCmlK5eOvH+eH7cdAFlNXeVJqWIQ7gW9tY1GJIpUtFb6CmjVyq2VM3u71bOyR8CRihcCgMUYoDNyLXao3+70Q=="
    "resolved" "https://registry.npmmirror.com/@babel/code-frame/-/code-frame-7.18.6.tgz"
    "version" "7.18.6"
    dependencies:
      "@babel/highlight" "^7.18.6"
  
  "@babel/helper-validator-identifier@^7.18.6":
    "integrity" "sha512-awrNfaMtnHUr653GgGEs++LlAvW6w+DcPrOliSMXWCKo597CwL5Acf/wWdNkf/tfEQE3mjkeD1YOVZOUV/od1w=="
    "resolved" "https://registry.npmmirror.com/@babel/helper-validator-identifier/-/helper-validator-identifier-7.19.1.tgz"
    "version" "7.19.1"
  
  "@babel/highlight@^7.18.6":
    "integrity" "sha512-u7stbOuYjaPezCuLj29hNW1v64M2Md2qupEKP1fHc7WdOA3DgLh37suiSrZYY7haUB7iBeQZ9P1uiRF359do3g=="
    "resolved" "https://registry.npmmirror.com/@babel/highlight/-/highlight-7.18.6.tgz"
    "version" "7.18.6"
    dependencies:
      "@babel/helper-validator-identifier" "^7.18.6"
      "chalk" "^2.0.0"
      "js-tokens" "^4.0.0"
  
  "@babel/parser@^7.16.4":
    "integrity" "sha512-h7RCSorm1DdTVGJf3P2Mhj3kdnkmF/EiysUkzS2TdgAYqyjFdMQJbVuXOBej2SBJaXan/lIVtT6KkGbyyq753A=="
    "resolved" "https://registry.npmmirror.com/@babel/parser/-/parser-7.19.1.tgz"
    "version" "7.19.1"
  
  "@fortawesome/fontawesome-free@^5.15.3":
    "integrity" "sha512-eYm8vijH/hpzr/6/1CJ/V/Eb1xQFW2nnUKArb3z+yUWv7HTwj6M7SP957oMjfZjAHU6qpoNc2wQvIxBLWYa/Jg=="
    "resolved" "https://registry.npmmirror.com/@fortawesome/fontawesome-free/-/fontawesome-free-5.15.4.tgz"
    "version" "5.15.4"
  
  "@mdit-vue/plugin-component@^0.10.0":
    "integrity" "sha512-cfxmPVcp6880TRUgpT3eUjem1gCkg3vsBHOcjOoiD2gAu3hWg48d3woz5+F9WVrAhv8P6wpDYBzFqt29D6D4MQ=="
    "resolved" "https://registry.npmmirror.com/@mdit-vue/plugin-component/-/plugin-component-0.10.0.tgz"
    "version" "0.10.0"
    dependencies:
      "@types/markdown-it" "^12.2.3"
      "markdown-it" "^13.0.1"
  
  "@mdit-vue/plugin-frontmatter@^0.10.0":
    "integrity" "sha512-rJa4QM04YKRH9Edpr07BZvOjzOH2BwkPkalIa8YFIsZkCXLmrPpLsQteXbRLTkLGHLXnniW4V4tn5Y7bf7J74g=="
    "resolved" "https://registry.npmmirror.com/@mdit-vue/plugin-frontmatter/-/plugin-frontmatter-0.10.0.tgz"
    "version" "0.10.0"
    dependencies:
      "@mdit-vue/types" "0.10.0"
      "@types/markdown-it" "^12.2.3"
      "gray-matter" "^4.0.3"
      "markdown-it" "^13.0.1"
  
  "@mdit-vue/plugin-headers@^0.10.0":
    "integrity" "sha512-DPrQyv83jVxX3FwmCnemVeBsSdtH4Hz+geDMwbzATtaqzaYDDpuAxoeiLGpTg41EpLe2SPDk94N3OOh0cdV0Lw=="
    "resolved" "https://registry.npmmirror.com/@mdit-vue/plugin-headers/-/plugin-headers-0.10.0.tgz"
    "version" "0.10.0"
    dependencies:
      "@mdit-vue/shared" "0.10.0"
      "@mdit-vue/types" "0.10.0"
      "@types/markdown-it" "^12.2.3"
      "markdown-it" "^13.0.1"
  
  "@mdit-vue/plugin-sfc@^0.10.0":
    "integrity" "sha512-MoKnA8rApIyNeiIXbEUbQ+LAYr51YOWnNzJnum/ttX7kHmfh0+iMDAM1MnvmgVZWqhAzwdkEFOPTb9EVUI1dng=="
    "resolved" "https://registry.npmmirror.com/@mdit-vue/plugin-sfc/-/plugin-sfc-0.10.0.tgz"
    "version" "0.10.0"
    dependencies:
      "@mdit-vue/types" "0.10.0"
      "@types/markdown-it" "^12.2.3"
      "markdown-it" "^13.0.1"
  
  "@mdit-vue/plugin-title@^0.10.0":
    "integrity" "sha512-odJ9vIazAHiomjCEEFwHNuPnmDtx/FGOYrf9xUfi3tjG9r/JZW+G++AABxvevTozwpGlpU+wkpJ7mTr+rNtBrw=="
    "resolved" "https://registry.npmmirror.com/@mdit-vue/plugin-title/-/plugin-title-0.10.0.tgz"
    "version" "0.10.0"
    dependencies:
      "@mdit-vue/shared" "0.10.0"
      "@mdit-vue/types" "0.10.0"
      "@types/markdown-it" "^12.2.3"
      "markdown-it" "^13.0.1"
  
  "@mdit-vue/plugin-toc@^0.10.0":
    "integrity" "sha512-P9aNy4jtqfjI08wUYGT/HVd5x/IpTjgSnNdJ3lU52qAO5AeFsW3v4gt+NmW0lO8We0S2YDEONRHBuBN6r40y6A=="
    "resolved" "https://registry.npmmirror.com/@mdit-vue/plugin-toc/-/plugin-toc-0.10.0.tgz"
    "version" "0.10.0"
    dependencies:
      "@mdit-vue/shared" "0.10.0"
      "@mdit-vue/types" "0.10.0"
      "@types/markdown-it" "^12.2.3"
      "markdown-it" "^13.0.1"
  
  "@mdit-vue/shared@^0.10.0", "@mdit-vue/shared@0.10.0":
    "integrity" "sha512-rUyu0NVNbaEg4DUiQenh/fam1MLdkItdzEVScN7vP0UzDWOwmGaKwkhlMmkSTW80H63ZlKst0fPe9LaGHImSZg=="
    "resolved" "https://registry.npmmirror.com/@mdit-vue/shared/-/shared-0.10.0.tgz"
    "version" "0.10.0"
    dependencies:
      "@mdit-vue/types" "0.10.0"
      "@types/markdown-it" "^12.2.3"
      "markdown-it" "^13.0.1"
  
  "@mdit-vue/types@^0.10.0", "@mdit-vue/types@0.10.0":
    "integrity" "sha512-ROz5zVKt3COpuWUYFnpJh5kIXit9SQeMtimGBlwKJL1xEBNPG3QKD3VZzez5Ng/dBCApianCQhNVZGCza82Myw=="
    "resolved" "https://registry.npmmirror.com/@mdit-vue/types/-/types-0.10.0.tgz"
    "version" "0.10.0"
  
  "@nodelib/fs.scandir@2.1.5":
    "integrity" "sha512-vq24Bq3ym5HEQm2NKCr3yXDwjc7vTsEThRDnkp2DK9p1uqLR+DHurm/NOTo0KG7HYHU7eppKZj3MyqYuMBf62g=="
    "resolved" "https://registry.npmmirror.com/@nodelib/fs.scandir/-/fs.scandir-2.1.5.tgz"
    "version" "2.1.5"
    dependencies:
      "@nodelib/fs.stat" "2.0.5"
      "run-parallel" "^1.1.9"
  
  "@nodelib/fs.stat@^2.0.2", "@nodelib/fs.stat@2.0.5":
    "integrity" "sha512-RkhPPp2zrqDAQA/2jNhnztcPAlv64XdhIp7a7454A5ovI7Bukxgt7MX7udwAu3zg1DcpPU0rz3VV1SeaqvY4+A=="
    "resolved" "https://registry.npmmirror.com/@nodelib/fs.stat/-/fs.stat-2.0.5.tgz"
    "version" "2.0.5"
  
  "@nodelib/fs.walk@^1.2.3":
    "integrity" "sha512-oGB+UxlgWcgQkgwo8GcEGwemoTFt3FIO9ababBmaGwXIoBKZ+GTy0pP185beGg7Llih/NSHSV2XAs1lnznocSg=="
    "resolved" "https://registry.npmmirror.com/@nodelib/fs.walk/-/fs.walk-1.2.8.tgz"
    "version" "1.2.8"
    dependencies:
      "@nodelib/fs.scandir" "2.1.5"
      "fastq" "^1.6.0"
  
  "@types/debug@^4.1.7":
    "integrity" "sha512-9AonUzyTjXXhEOa0DnqpzZi6VHlqKMswga9EXjpXnnqxwLtdvPPtlO8evrI5D9S6asFRCQ6v+wpiUKbw+vKqyg=="
    "resolved" "https://registry.npmmirror.com/@types/debug/-/debug-4.1.7.tgz"
    "version" "4.1.7"
    dependencies:
      "@types/ms" "*"
  
  "@types/fs-extra@^9.0.13":
    "integrity" "sha512-nEnwB++1u5lVDM2UI4c1+5R+FYaKfaAzS4OococimjVm3nQw3TuzH5UNsocrcTBbhnerblyHj4A49qXbIiZdpA=="
    "resolved" "https://registry.npmmirror.com/@types/fs-extra/-/fs-extra-9.0.13.tgz"
    "version" "9.0.13"
    dependencies:
      "@types/node" "*"
  
  "@types/hash-sum@^1.0.0":
    "integrity" "sha512-FdLBT93h3kcZ586Aee66HPCVJ6qvxVjBlDWNmxSGSbCZe9hTsjRKdSsl4y1T+3zfujxo9auykQMnFsfyHWD7wg=="
    "resolved" "https://registry.npmmirror.com/@types/hash-sum/-/hash-sum-1.0.0.tgz"
    "version" "1.0.0"
  
  "@types/linkify-it@*":
    "integrity" "sha512-HZQYqbiFVWufzCwexrvh694SOim8z2d+xJl5UNamcvQFejLY/2YUtzXHYi3cHdI7PMlS8ejH2slRAOJQ32aNbA=="
    "resolved" "https://registry.npmmirror.com/@types/linkify-it/-/linkify-it-3.0.2.tgz"
    "version" "3.0.2"
  
  "@types/markdown-it-emoji@^2.0.2":
    "integrity" "sha512-2ln8Wjbcj/0oRi/6VnuMeWEHHuK8uapFttvcLmDIe1GKCsFBLOLBX+D+xhDa9oWOQV0IpvxwrSfKKssAqqroog=="
    "resolved" "https://registry.npmmirror.com/@types/markdown-it-emoji/-/markdown-it-emoji-2.0.2.tgz"
    "version" "2.0.2"
    dependencies:
      "@types/markdown-it" "*"
  
  "@types/markdown-it@*", "@types/markdown-it@^12.2.3":
    "integrity" "sha512-GKMHFfv3458yYy+v/N8gjufHO6MSZKCOXpZc5GXIWWy8uldwfmPn98vp81gZ5f9SVw8YYBctgfJ22a2d7AOMeQ=="
    "resolved" "https://registry.npmmirror.com/@types/markdown-it/-/markdown-it-12.2.3.tgz"
    "version" "12.2.3"
    dependencies:
      "@types/linkify-it" "*"
      "@types/mdurl" "*"
  
  "@types/mdurl@*":
    "integrity" "sha512-eC4U9MlIcu2q0KQmXszyn5Akca/0jrQmwDRgpAMJai7qBWq4amIQhZyNau4VYGtCeALvW1/NtjzJJ567aZxfKA=="
    "resolved" "https://registry.npmmirror.com/@types/mdurl/-/mdurl-1.0.2.tgz"
    "version" "1.0.2"
  
  "@types/ms@*":
    "integrity" "sha512-iiUgKzV9AuaEkZqkOLDIvlQiL6ltuZd9tGcW3gwpnX8JbuiuhFlEGmmFXEXkN50Cvq7Os88IY2v0dkDqXYWVgA=="
    "resolved" "https://registry.npmmirror.com/@types/ms/-/ms-0.7.31.tgz"
    "version" "0.7.31"
  
  "@types/node@*":
    "integrity" "sha512-m+6nTEOadJZuTPkKR/SYK3A2d7FZrgElol9UP1Kae90VVU4a6mxnPuLiIW1m4Cq4gZ/nWb9GrdVXJCoCazDAbg=="
    "resolved" "https://registry.npmmirror.com/@types/node/-/node-18.7.18.tgz"
    "version" "18.7.18"
  
  "@types/parse-json@^4.0.0":
    "integrity" "sha512-//oorEZjL6sbPcKUaCdIGlIUeH26mgzimjBB77G6XRgnDl/L5wOnpyBGRe/Mmf5CVW3PwEBE1NjiMZ/ssFh4wA=="
    "resolved" "https://registry.npmmirror.com/@types/parse-json/-/parse-json-4.0.0.tgz"
    "version" "4.0.0"
  
  "@types/web-bluetooth@^0.0.15":
    "integrity" "sha512-w7hEHXnPMEZ+4nGKl/KDRVpxkwYxYExuHOYXyzIzCDzEZ9ZCGMAewulr9IqJu2LR4N37fcnb1XVeuZ09qgOxhA=="
    "resolved" "https://registry.npmmirror.com/@types/web-bluetooth/-/web-bluetooth-0.0.15.tgz"
    "version" "0.0.15"
  
  "@vitejs/plugin-vue@^3.0.3":
    "integrity" "sha512-fmxtHPjSOEIRg6vHYDaem+97iwCUg/uSIaTzp98lhELt2ISOQuDo2hbkBdXod0g15IhfPMQmAxh4heUks2zvDA=="
    "resolved" "https://registry.npmmirror.com/@vitejs/plugin-vue/-/plugin-vue-3.1.0.tgz"
    "version" "3.1.0"
  
  "@vue/compiler-core@3.2.39":
    "integrity" "sha512-mf/36OWXqWn0wsC40nwRRGheR/qoID+lZXbIuLnr4/AngM0ov8Xvv8GHunC0rKRIkh60bTqydlqTeBo49rlbqw=="
    "resolved" "https://registry.npmmirror.com/@vue/compiler-core/-/compiler-core-3.2.39.tgz"
    "version" "3.2.39"
    dependencies:
      "@babel/parser" "^7.16.4"
      "@vue/shared" "3.2.39"
      "estree-walker" "^2.0.2"
      "source-map" "^0.6.1"
  
  "@vue/compiler-dom@3.2.39":
    "integrity" "sha512-HMFI25Be1C8vLEEv1hgEO1dWwG9QQ8LTTPmCkblVJY/O3OvWx6r1+zsox5mKPMGvqYEZa6l8j+xgOfUspgo7hw=="
    "resolved" "https://registry.npmmirror.com/@vue/compiler-dom/-/compiler-dom-3.2.39.tgz"
    "version" "3.2.39"
    dependencies:
      "@vue/compiler-core" "3.2.39"
      "@vue/shared" "3.2.39"
  
  "@vue/compiler-sfc@3.2.39":
    "integrity" "sha512-fqAQgFs1/BxTUZkd0Vakn3teKUt//J3c420BgnYgEOoVdTwYpBTSXCMJ88GOBCylmUBbtquGPli9tVs7LzsWIA=="
    "resolved" "https://registry.npmmirror.com/@vue/compiler-sfc/-/compiler-sfc-3.2.39.tgz"
    "version" "3.2.39"
    dependencies:
      "@babel/parser" "^7.16.4"
      "@vue/compiler-core" "3.2.39"
      "@vue/compiler-dom" "3.2.39"
      "@vue/compiler-ssr" "3.2.39"
      "@vue/reactivity-transform" "3.2.39"
      "@vue/shared" "3.2.39"
      "estree-walker" "^2.0.2"
      "magic-string" "^0.25.7"
      "postcss" "^8.1.10"
      "source-map" "^0.6.1"
  
  "@vue/compiler-ssr@3.2.39":
    "integrity" "sha512-EoGCJ6lincKOZGW+0Ky4WOKsSmqL7hp1ZYgen8M7u/mlvvEQUaO9tKKOy7K43M9U2aA3tPv0TuYYQFrEbK2eFQ=="
    "resolved" "https://registry.npmmirror.com/@vue/compiler-ssr/-/compiler-ssr-3.2.39.tgz"
    "version" "3.2.39"
    dependencies:
      "@vue/compiler-dom" "3.2.39"
      "@vue/shared" "3.2.39"
  
  "@vue/devtools-api@^6.1.4", "@vue/devtools-api@^6.2.1":
    "integrity" "sha512-OEgAMeQXvCoJ+1x8WyQuVZzFo0wcyCmUR3baRVLmKBo1LmYZWMlRiXlux5jd0fqVJu6PfDbOrZItVqUEzLobeQ=="
    "resolved" "https://registry.npmmirror.com/@vue/devtools-api/-/devtools-api-6.2.1.tgz"
    "version" "6.2.1"
  
  "@vue/reactivity-transform@3.2.39":
    "integrity" "sha512-HGuWu864zStiWs9wBC6JYOP1E00UjMdDWIG5W+FpUx28hV3uz9ODOKVNm/vdOy/Pvzg8+OcANxAVC85WFBbl3A=="
    "resolved" "https://registry.npmmirror.com/@vue/reactivity-transform/-/reactivity-transform-3.2.39.tgz"
    "version" "3.2.39"
    dependencies:
      "@babel/parser" "^7.16.4"
      "@vue/compiler-core" "3.2.39"
      "@vue/shared" "3.2.39"
      "estree-walker" "^2.0.2"
      "magic-string" "^0.25.7"
  
  "@vue/reactivity@3.2.39":
    "integrity" "sha512-vlaYX2a3qMhIZfrw3Mtfd+BuU+TZmvDrPMa+6lpfzS9k/LnGxkSuf0fhkP0rMGfiOHPtyKoU9OJJJFGm92beVQ=="
    "resolved" "https://registry.npmmirror.com/@vue/reactivity/-/reactivity-3.2.39.tgz"
    "version" "3.2.39"
    dependencies:
      "@vue/shared" "3.2.39"
  
  "@vue/runtime-core@3.2.39":
    "integrity" "sha512-xKH5XP57JW5JW+8ZG1khBbuLakINTgPuINKL01hStWLTTGFOrM49UfCFXBcFvWmSbci3gmJyLl2EAzCaZWsx8g=="
    "resolved" "https://registry.npmmirror.com/@vue/runtime-core/-/runtime-core-3.2.39.tgz"
    "version" "3.2.39"
    dependencies:
      "@vue/reactivity" "3.2.39"
      "@vue/shared" "3.2.39"
  
  "@vue/runtime-dom@3.2.39":
    "integrity" "sha512-4G9AEJP+sLhsqf5wXcyKVWQKUhI+iWfy0hWQgea+CpaTD7BR0KdQzvoQdZhwCY6B3oleSyNLkLAQwm0ya/wNoA=="
    "resolved" "https://registry.npmmirror.com/@vue/runtime-dom/-/runtime-dom-3.2.39.tgz"
    "version" "3.2.39"
    dependencies:
      "@vue/runtime-core" "3.2.39"
      "@vue/shared" "3.2.39"
      "csstype" "^2.6.8"
  
  "@vue/server-renderer@3.2.39":
    "integrity" "sha512-1yn9u2YBQWIgytFMjz4f/t0j43awKytTGVptfd3FtBk76t1pd8mxbek0G/DrnjJhd2V7mSTb5qgnxMYt8Z5iSQ=="
    "resolved" "https://registry.npmmirror.com/@vue/server-renderer/-/server-renderer-3.2.39.tgz"
    "version" "3.2.39"
    dependencies:
      "@vue/compiler-ssr" "3.2.39"
      "@vue/shared" "3.2.39"
  
  "@vue/shared@^3.2.24", "@vue/shared@^3.2.37", "@vue/shared@3.2.39":
    "integrity" "sha512-D3dl2ZB9qE6mTuWPk9RlhDeP1dgNRUKC3NJxji74A4yL8M2MwlhLKUC/49WHjrNzSPug58fWx/yFbaTzGAQSBw=="
    "resolved" "https://registry.npmmirror.com/@vue/shared/-/shared-3.2.39.tgz"
    "version" "3.2.39"
  
  "@vuepress-reco/core@^2.0.1-alpha.1":
    "integrity" "sha512-kzqdwquYeRwFZvWy/r13CoMhHVe1wUq/W1vD36jwV2ZwpK2bTjmvlrY9KIWHqMLFBW++MSxaA+Ww2gCS/44Flw=="
    "resolved" "https://registry.npmmirror.com/@vuepress-reco/core/-/core-2.0.1-alpha.22.tgz"
    "version" "2.0.1-alpha.22"
    dependencies:
      "@vuepress/core" "2.0.0-beta.32"
  
  "@vuepress-reco/style-default@^2.0.1-alpha.1":
    "integrity" "sha512-2QjNNgBOy1zlHZN1Q9GD9d+zHFO0Q6aEnwxD+MDh69+arF9uL+Sb4X8i57M6CzIHvVkemQQgbpBm8MJwOaOtww=="
    "resolved" "https://registry.npmmirror.com/@vuepress-reco/style-default/-/style-default-2.0.1-alpha.1.tgz"
    "version" "2.0.1-alpha.1"
    dependencies:
      "@fortawesome/fontawesome-free" "^5.15.3"
      "@vuepress-reco/core" "^2.0.1-alpha.1"
      "tailwindcss" "^2.1.1"
  
  "@vuepress/bundler-vite@2.0.0-beta.51":
    "integrity" "sha512-HADQujwuj0KbONq6R0UGSiktMzG0iOFmI2OACgi7r5P4pHAEF06h333g0q4tSH6HQg6VuqelQrVgWwq/0puIfA=="
    "resolved" "https://registry.npmmirror.com/@vuepress/bundler-vite/-/bundler-vite-2.0.0-beta.51.tgz"
    "version" "2.0.0-beta.51"
    dependencies:
      "@vitejs/plugin-vue" "^3.0.3"
      "@vuepress/client" "2.0.0-beta.51"
      "@vuepress/core" "2.0.0-beta.51"
      "@vuepress/shared" "2.0.0-beta.51"
      "@vuepress/utils" "2.0.0-beta.51"
      "autoprefixer" "^10.4.8"
      "connect-history-api-fallback" "^2.0.0"
      "postcss" "^8.4.16"
      "rollup" "^2.78.1"
      "vite" "~3.0.9"
      "vue" "^3.2.37"
      "vue-router" "^4.1.4"
  
  "@vuepress/cli@2.0.0-beta.51":
    "integrity" "sha512-NcMNpsGxdlPgrHhIMW+hkRd9l+E+89M8IoN9SnBJFTgokKrUOwLm2BEQPVuucebj4ff94IorG1WQR9iah/qOgQ=="
    "resolved" "https://registry.npmmirror.com/@vuepress/cli/-/cli-2.0.0-beta.51.tgz"
    "version" "2.0.0-beta.51"
    dependencies:
      "@vuepress/core" "2.0.0-beta.51"
      "@vuepress/shared" "2.0.0-beta.51"
      "@vuepress/utils" "2.0.0-beta.51"
      "cac" "^6.7.12"
      "chokidar" "^3.5.3"
      "envinfo" "^7.8.1"
      "esbuild" "^0.15.5"
  
  "@vuepress/client@^2.0.0-beta.50", "@vuepress/client@2.0.0-beta.51":
    "integrity" "sha512-5iQV765kwR6/eIZPMlV5O34DUvHCMjF7zpr91x5i8BEAg7A0jfHvdrwNavAKWiQEU77f4dIBXtWy6nwX+lgmbw=="
    "resolved" "https://registry.npmmirror.com/@vuepress/client/-/client-2.0.0-beta.51.tgz"
    "version" "2.0.0-beta.51"
    dependencies:
      "@vue/devtools-api" "^6.2.1"
      "@vuepress/shared" "2.0.0-beta.51"
      "vue" "^3.2.37"
      "vue-router" "^4.1.4"
  
  "@vuepress/client@2.0.0-beta.32":
    "integrity" "sha512-nSvDsJiWUu+/oqOmI9nv4Tp9ei7+EyAhEaR+vMr7fcbVCGQlNmQo/coxjW6HRvMLR8Xul0Y4SH0Z21WJfZqw3Q=="
    "resolved" "https://registry.npmmirror.com/@vuepress/client/-/client-2.0.0-beta.32.tgz"
    "version" "2.0.0-beta.32"
    dependencies:
      "@vuepress/shared" "2.0.0-beta.32"
      "vue" "^3.2.24"
      "vue-router" "^4.0.12"
  
  "@vuepress/core@2.0.0-beta.32":
    "integrity" "sha512-LyjEEfRCEQJonR3SxVrVl44ZvLP6KKy6nFPinmrjuMe5GLHLSW4z/S+goxm8ka0Fblc51KxDZjtNshAlvYJ/OQ=="
    "resolved" "https://registry.npmmirror.com/@vuepress/core/-/core-2.0.0-beta.32.tgz"
    "version" "2.0.0-beta.32"
    dependencies:
      "@vuepress/client" "2.0.0-beta.32"
      "@vuepress/markdown" "2.0.0-beta.32"
      "@vuepress/shared" "2.0.0-beta.32"
      "@vuepress/utils" "2.0.0-beta.32"
      "gray-matter" "^4.0.3"
      "toml" "^3.0.0"
  
  "@vuepress/core@2.0.0-beta.51":
    "integrity" "sha512-j0KI6PBsf0doMZPXa1H4Vi88NSTrpsnSVhMgcr9gw81atgKl+I13SykHpWZRRkugTRCgL1IOpyY68cond58eeA=="
    "resolved" "https://registry.npmmirror.com/@vuepress/core/-/core-2.0.0-beta.51.tgz"
    "version" "2.0.0-beta.51"
    dependencies:
      "@vuepress/client" "2.0.0-beta.51"
      "@vuepress/markdown" "2.0.0-beta.51"
      "@vuepress/shared" "2.0.0-beta.51"
      "@vuepress/utils" "2.0.0-beta.51"
      "vue" "^3.2.37"
  
  "@vuepress/markdown@2.0.0-beta.32":
    "integrity" "sha512-YRkuGuANBzLQuDE8TBDr9NNFXAWl/Qh3dbwVfM960lY5dk5jPxhTqOH5OGj7skLqxBWG6b4TwqjDKkGGciGkDA=="
    "resolved" "https://registry.npmmirror.com/@vuepress/markdown/-/markdown-2.0.0-beta.32.tgz"
    "version" "2.0.0-beta.32"
    dependencies:
      "@types/markdown-it" "^12.2.3"
      "@vuepress/shared" "2.0.0-beta.32"
      "@vuepress/utils" "2.0.0-beta.32"
      "markdown-it" "^12.2.0"
      "markdown-it-anchor" "^8.4.1"
      "markdown-it-emoji" "^2.0.0"
      "mdurl" "^1.0.1"
  
  "@vuepress/markdown@2.0.0-beta.51":
    "integrity" "sha512-q11+6j3OAutuV0LkH7BGdhh4jKOMKMiiX8bKD366mzr7JkjHb34xd+WhM394B7zh410CtYYWvAWS+m9RJGQ/5w=="
    "resolved" "https://registry.npmmirror.com/@vuepress/markdown/-/markdown-2.0.0-beta.51.tgz"
    "version" "2.0.0-beta.51"
    dependencies:
      "@mdit-vue/plugin-component" "^0.10.0"
      "@mdit-vue/plugin-frontmatter" "^0.10.0"
      "@mdit-vue/plugin-headers" "^0.10.0"
      "@mdit-vue/plugin-sfc" "^0.10.0"
      "@mdit-vue/plugin-title" "^0.10.0"
      "@mdit-vue/plugin-toc" "^0.10.0"
      "@mdit-vue/shared" "^0.10.0"
      "@mdit-vue/types" "^0.10.0"
      "@types/markdown-it" "^12.2.3"
      "@types/markdown-it-emoji" "^2.0.2"
      "@vuepress/shared" "2.0.0-beta.51"
      "@vuepress/utils" "2.0.0-beta.51"
      "markdown-it" "^13.0.1"
      "markdown-it-anchor" "^8.6.4"
      "markdown-it-emoji" "^2.0.2"
      "mdurl" "^1.0.1"
  
  "@vuepress/plugin-active-header-links@2.0.0-beta.51":
    "integrity" "sha512-AV9qLVSD3e9Xnp+2Vu9tegUdzbm9HD2bF6pRC3xEdW8GzRlsHBTfMpFwfsKvkKofk90+4ICkPWY9mY95P4mNSw=="
    "resolved" "https://registry.npmmirror.com/@vuepress/plugin-active-header-links/-/plugin-active-header-links-2.0.0-beta.51.tgz"
    "version" "2.0.0-beta.51"
    dependencies:
      "@vuepress/client" "2.0.0-beta.51"
      "@vuepress/core" "2.0.0-beta.51"
      "@vuepress/utils" "2.0.0-beta.51"
      "ts-debounce" "^4.0.0"
      "vue" "^3.2.37"
      "vue-router" "^4.1.4"
  
  "@vuepress/plugin-back-to-top@2.0.0-beta.51":
    "integrity" "sha512-VwTkJ9iV5vUFz93RURzk/4wnPPgq0OO4KUB4b9WCWlGg+4iD7Yo2zXnqaGe7Gh7hkQjbrysuPbZdtggbmnxMdg=="
    "resolved" "https://registry.npmmirror.com/@vuepress/plugin-back-to-top/-/plugin-back-to-top-2.0.0-beta.51.tgz"
    "version" "2.0.0-beta.51"
    dependencies:
      "@vuepress/client" "2.0.0-beta.51"
      "@vuepress/core" "2.0.0-beta.51"
      "@vuepress/utils" "2.0.0-beta.51"
      "ts-debounce" "^4.0.0"
      "vue" "^3.2.37"
  
  "@vuepress/plugin-container@2.0.0-beta.51":
    "integrity" "sha512-81FzcStQs5A0VTReWsS/CSVpaxfcAA5Gj0pzbcc6/QpNTa9Gaj2UywbcWOLIk3wozCrKucCLu8TSL31cj0+LqA=="
    "resolved" "https://registry.npmmirror.com/@vuepress/plugin-container/-/plugin-container-2.0.0-beta.51.tgz"
    "version" "2.0.0-beta.51"
    dependencies:
      "@types/markdown-it" "^12.2.3"
      "@vuepress/core" "2.0.0-beta.51"
      "@vuepress/markdown" "2.0.0-beta.51"
      "@vuepress/shared" "2.0.0-beta.51"
      "@vuepress/utils" "2.0.0-beta.51"
      "markdown-it" "^13.0.1"
      "markdown-it-container" "^3.0.0"
  
  "@vuepress/plugin-external-link-icon@2.0.0-beta.51":
    "integrity" "sha512-6ITMmvD/6DX2MLCCnGOJBXkB+rFbRkVboWzBibCzITHfUORsmFwLMjmrDxnIbZl74F0VZ7533zk/BRJIy4uYLA=="
    "resolved" "https://registry.npmmirror.com/@vuepress/plugin-external-link-icon/-/plugin-external-link-icon-2.0.0-beta.51.tgz"
    "version" "2.0.0-beta.51"
    dependencies:
      "@vuepress/client" "2.0.0-beta.51"
      "@vuepress/core" "2.0.0-beta.51"
      "@vuepress/markdown" "2.0.0-beta.51"
      "@vuepress/shared" "2.0.0-beta.51"
      "@vuepress/utils" "2.0.0-beta.51"
      "vue" "^3.2.37"
  
  "@vuepress/plugin-git@2.0.0-beta.51":
    "integrity" "sha512-lw45Vjg5pI25zNgPOTBcIrBNhNB9jU9o/j+fhb5TnW1j9hX3mwWDeJhdWLLErodSlmnTVdyL3e7qNKJpKo1Wmg=="
    "resolved" "https://registry.npmmirror.com/@vuepress/plugin-git/-/plugin-git-2.0.0-beta.51.tgz"
    "version" "2.0.0-beta.51"
    dependencies:
      "@vuepress/core" "2.0.0-beta.51"
      "@vuepress/utils" "2.0.0-beta.51"
      "execa" "^6.1.0"
  
  "@vuepress/plugin-medium-zoom@2.0.0-beta.51":
    "integrity" "sha512-pgsKfsuEazHOLEE0xAWWi2McrygR5shQ1Xi4mZzn1MD9cn5o4JKbJxp2BlUs8q+yG5QMUQ0ugAJ9yRgCkMkUBw=="
    "resolved" "https://registry.npmmirror.com/@vuepress/plugin-medium-zoom/-/plugin-medium-zoom-2.0.0-beta.51.tgz"
    "version" "2.0.0-beta.51"
    dependencies:
      "@vuepress/client" "2.0.0-beta.51"
      "@vuepress/core" "2.0.0-beta.51"
      "@vuepress/utils" "2.0.0-beta.51"
      "medium-zoom" "^1.0.6"
      "vue" "^3.2.37"
  
  "@vuepress/plugin-nprogress@2.0.0-beta.51":
    "integrity" "sha512-eu3IxuiCS5y+Za9l86xKrNSo13VseoZCnAPSIqZj6I6wvyWI62ffCP5NztdR0Z9izp0g/FL6KBtBlwN1PnkY7A=="
    "resolved" "https://registry.npmmirror.com/@vuepress/plugin-nprogress/-/plugin-nprogress-2.0.0-beta.51.tgz"
    "version" "2.0.0-beta.51"
    dependencies:
      "@vuepress/client" "2.0.0-beta.51"
      "@vuepress/core" "2.0.0-beta.51"
      "@vuepress/utils" "2.0.0-beta.51"
      "vue" "^3.2.37"
      "vue-router" "^4.1.4"
  
  "@vuepress/plugin-palette@2.0.0-beta.51":
    "integrity" "sha512-Q3uFQxiPC7W3JKlyoAT0Nu1bZy6PXXUadjzwpk8dcHDsh+OmdUQqdNfeU1hc4pPQjHIiGdsBAnnGnb+8dNXqkw=="
    "resolved" "https://registry.npmmirror.com/@vuepress/plugin-palette/-/plugin-palette-2.0.0-beta.51.tgz"
    "version" "2.0.0-beta.51"
    dependencies:
      "@vuepress/core" "2.0.0-beta.51"
      "@vuepress/utils" "2.0.0-beta.51"
      "chokidar" "^3.5.3"
  
  "@vuepress/plugin-prismjs@2.0.0-beta.51":
    "integrity" "sha512-C1kyhWYlehZVuOQK6H8eyo2Mw8Lj3wAA9Lp3YbX9bt0qNf4kfzviEQL+mTrgzM+j1Jpaijjj6nZS0Ev42mO+kw=="
    "resolved" "https://registry.npmmirror.com/@vuepress/plugin-prismjs/-/plugin-prismjs-2.0.0-beta.51.tgz"
    "version" "2.0.0-beta.51"
    dependencies:
      "@vuepress/core" "2.0.0-beta.51"
      "prismjs" "^1.28.0"
  
  "@vuepress/plugin-theme-data@2.0.0-beta.51":
    "integrity" "sha512-sfsZRhb7zZATqY1+BXkynZZ7HEZnBZEd4iuEyCNpWEnjwa7/qjPSKJyAb/M0a2SLgN2/UcPdM5URMfE1mV/4QQ=="
    "resolved" "https://registry.npmmirror.com/@vuepress/plugin-theme-data/-/plugin-theme-data-2.0.0-beta.51.tgz"
    "version" "2.0.0-beta.51"
    dependencies:
      "@vue/devtools-api" "^6.2.1"
      "@vuepress/client" "2.0.0-beta.51"
      "@vuepress/core" "2.0.0-beta.51"
      "@vuepress/shared" "2.0.0-beta.51"
      "@vuepress/utils" "2.0.0-beta.51"
      "vue" "^3.2.37"
  
  "@vuepress/shared@2.0.0-beta.32":
    "integrity" "sha512-yQXzBrCyZPCAWzYB7AAIMf5TEb+WvvUXAugoC7jNXYILf/oGCq8fbc9LUH2X/YNZFNsdm+r9N7JfDZ+uddBHkA=="
    "resolved" "https://registry.npmmirror.com/@vuepress/shared/-/shared-2.0.0-beta.32.tgz"
    "version" "2.0.0-beta.32"
    dependencies:
      "@vue/shared" "^3.2.24"
  
  "@vuepress/shared@2.0.0-beta.51":
    "integrity" "sha512-0dbJp0M+d/schkD+xUI7MwwoyJRtFxH3QEYMcLTKhgkaNFjgzlIEG/coh1QywVIoQGX9cGQSa8PZk8BeMeePug=="
    "resolved" "https://registry.npmmirror.com/@vuepress/shared/-/shared-2.0.0-beta.51.tgz"
    "version" "2.0.0-beta.51"
    dependencies:
      "@mdit-vue/types" "^0.10.0"
      "@vue/shared" "^3.2.37"
  
  "@vuepress/theme-default@2.0.0-beta.51":
    "integrity" "sha512-k1hbvsnPgcpqyBZc54OOytBD2UlL2IlThnasiRxvoV5qEibVcS07JzF7Dydk8BmrcylHEkhGTe2oAuUXwVs7Dg=="
    "resolved" "https://registry.npmmirror.com/@vuepress/theme-default/-/theme-default-2.0.0-beta.51.tgz"
    "version" "2.0.0-beta.51"
    dependencies:
      "@vuepress/client" "2.0.0-beta.51"
      "@vuepress/core" "2.0.0-beta.51"
      "@vuepress/plugin-active-header-links" "2.0.0-beta.51"
      "@vuepress/plugin-back-to-top" "2.0.0-beta.51"
      "@vuepress/plugin-container" "2.0.0-beta.51"
      "@vuepress/plugin-external-link-icon" "2.0.0-beta.51"
      "@vuepress/plugin-git" "2.0.0-beta.51"
      "@vuepress/plugin-medium-zoom" "2.0.0-beta.51"
      "@vuepress/plugin-nprogress" "2.0.0-beta.51"
      "@vuepress/plugin-palette" "2.0.0-beta.51"
      "@vuepress/plugin-prismjs" "2.0.0-beta.51"
      "@vuepress/plugin-theme-data" "2.0.0-beta.51"
      "@vuepress/shared" "2.0.0-beta.51"
      "@vuepress/utils" "2.0.0-beta.51"
      "@vueuse/core" "^9.1.0"
      "sass" "^1.54.5"
      "vue" "^3.2.37"
      "vue-router" "^4.1.4"
  
  "@vuepress/utils@2.0.0-beta.32":
    "integrity" "sha512-ZbEM23BI7qbLnZYNAYoLF3EgWXVtO/MnB5aYKTC2+dHX90mEkfFoIBk00ICSi28HZJkW0OmsyMVFoUbI8QBvUw=="
    "resolved" "https://registry.npmmirror.com/@vuepress/utils/-/utils-2.0.0-beta.32.tgz"
    "version" "2.0.0-beta.32"
    dependencies:
      "@types/debug" "^4.1.7"
      "@types/fs-extra" "^9.0.13"
      "@types/hash-sum" "^1.0.0"
      "@vuepress/shared" "2.0.0-beta.32"
      "chalk" "^4.1.2"
      "debug" "^4.3.3"
      "fs-extra" "^10.0.0"
      "globby" "^11.0.4"
      "hash-sum" "^2.0.0"
      "ora" "^5.4.1"
      "upath" "^2.0.1"
  
  "@vuepress/utils@2.0.0-beta.51":
    "integrity" "sha512-BtWK38047GNk3CnzAN9dxm8n7XplHqOU/DhW4BYO84Czl6XZh0NExPny3aPf7SL8roy03eAzF0dgPgmug6whIQ=="
    "resolved" "https://registry.npmmirror.com/@vuepress/utils/-/utils-2.0.0-beta.51.tgz"
    "version" "2.0.0-beta.51"
    dependencies:
      "@types/debug" "^4.1.7"
      "@types/fs-extra" "^9.0.13"
      "@types/hash-sum" "^1.0.0"
      "@vuepress/shared" "2.0.0-beta.51"
      "chalk" "^5.0.1"
      "debug" "^4.3.4"
      "fs-extra" "^10.1.0"
      "globby" "^13.1.2"
      "hash-sum" "^2.0.0"
      "ora" "^6.1.2"
      "upath" "^2.0.1"
  
  "@vueuse/core@^9.1.0":
    "integrity" "sha512-/MZ6qpz6uSyaXrtoeBWQzAKRG3N7CvfVWvQxiM3ei3Xe5ydOjjtVbo7lGl9p8dECV93j7W8s63A8H0kFLpLyxg=="
    "resolved" "https://registry.npmmirror.com/@vueuse/core/-/core-9.2.0.tgz"
    "version" "9.2.0"
    dependencies:
      "@types/web-bluetooth" "^0.0.15"
      "@vueuse/metadata" "9.2.0"
      "@vueuse/shared" "9.2.0"
      "vue-demi" "*"
  
  "@vueuse/metadata@9.2.0":
    "integrity" "sha512-exN4KE6iquxDCdt72BgEhb3tlOpECtD61AUdXnUqBTIUCl70x1Ar/QXo3bYcvxmdMS2/peQyfeTzBjRTpvL5xw=="
    "resolved" "https://registry.npmmirror.com/@vueuse/metadata/-/metadata-9.2.0.tgz"
    "version" "9.2.0"
  
  "@vueuse/shared@9.2.0":
    "integrity" "sha512-NnRp/noSWuXW0dKhZK5D0YLrDi0nmZ18UeEgwXQq7Ul5TTP93lcNnKjrHtd68j2xFB/l59yPGFlCryL692bnrA=="
    "resolved" "https://registry.npmmirror.com/@vueuse/shared/-/shared-9.2.0.tgz"
    "version" "9.2.0"
    dependencies:
      "vue-demi" "*"
  
  "acorn-node@^1.8.2":
    "integrity" "sha512-8mt+fslDufLYntIoPAaIMUe/lrbrehIiwmR3t2k9LljIzoigEPF27eLk2hy8zSGzmR/ogr7zbRKINMo1u0yh5A=="
    "resolved" "https://registry.npmmirror.com/acorn-node/-/acorn-node-1.8.2.tgz"
    "version" "1.8.2"
    dependencies:
      "acorn" "^7.0.0"
      "acorn-walk" "^7.0.0"
      "xtend" "^4.0.2"
  
  "acorn-walk@^7.0.0":
    "integrity" "sha512-OPdCF6GsMIP+Az+aWfAAOEt2/+iVDKE7oy6lJ098aoe59oAmK76qV6Gw60SbZ8jHuG2wH058GF4pLFbYamYrVA=="
    "resolved" "https://registry.npmmirror.com/acorn-walk/-/acorn-walk-7.2.0.tgz"
    "version" "7.2.0"
  
  "acorn@^7.0.0":
    "integrity" "sha512-nQyp0o1/mNdbTO1PO6kHkwSrmgZ0MT/jCCpNiwbUjGoRN4dlBhqJtoQuCnEOKzgTVwg0ZWiCoQy6SxMebQVh8A=="
    "resolved" "https://registry.npmmirror.com/acorn/-/acorn-7.4.1.tgz"
    "version" "7.4.1"
  
  "ansi-regex@^5.0.1":
    "integrity" "sha512-quJQXlTSUGL2LH9SUXo8VwsY4soanhgo6LNSm84E1LBcE8s3O0wpdiRzyR9z/ZZJMlMWv37qOOb9pdJlMUEKFQ=="
    "resolved" "https://registry.npmmirror.com/ansi-regex/-/ansi-regex-5.0.1.tgz"
    "version" "5.0.1"
  
  "ansi-regex@^6.0.1":
    "integrity" "sha512-n5M855fKb2SsfMIiFFoVrABHJC8QtHwVx+mHWP3QcEqBHYienj5dHSgjbxtC0WEZXYt4wcD6zrQElDPhFuZgfA=="
    "resolved" "https://registry.npmmirror.com/ansi-regex/-/ansi-regex-6.0.1.tgz"
    "version" "6.0.1"
  
  "ansi-styles@^3.2.1":
    "integrity" "sha512-VT0ZI6kZRdTh8YyJw3SMbYm/u+NqfsAxEpWO0Pf9sq8/e94WxxOpPKx9FR1FlyCtOVDNOQ+8ntlqFxiRc+r5qA=="
    "resolved" "https://registry.npmmirror.com/ansi-styles/-/ansi-styles-3.2.1.tgz"
    "version" "3.2.1"
    dependencies:
      "color-convert" "^1.9.0"
  
  "ansi-styles@^4.1.0":
    "integrity" "sha512-zbB9rCJAT1rbjiVDb2hqKFHNYLxgtk8NURxZ3IZwD3F6NtxbXZQCnnSi1Lkx+IDohdPlFp222wVALIheZJQSEg=="
    "resolved" "https://registry.npmmirror.com/ansi-styles/-/ansi-styles-4.3.0.tgz"
    "version" "4.3.0"
    dependencies:
      "color-convert" "^2.0.1"
  
  "anymatch@~3.1.2":
    "integrity" "sha512-P43ePfOAIupkguHUycrc4qJ9kz8ZiuOUijaETwX7THt0Y/GNK7v0aa8rY816xWjZ7rJdA5XdMcpVFTKMq+RvWg=="
    "resolved" "https://registry.npmmirror.com/anymatch/-/anymatch-3.1.2.tgz"
    "version" "3.1.2"
    dependencies:
      "normalize-path" "^3.0.0"
      "picomatch" "^2.0.4"
  
  "arg@^5.0.1":
    "integrity" "sha512-PYjyFOLKQ9y57JvQ6QLo8dAgNqswh8M1RMJYdQduT6xbWSgK36P/Z/v+p888pM69jMMfS8Xd8F6I1kQ/I9HUGg=="
    "resolved" "https://registry.npmmirror.com/arg/-/arg-5.0.2.tgz"
    "version" "5.0.2"
  
  "argparse@^1.0.7":
    "integrity" "sha512-o5Roy6tNG4SL/FOkCAN6RzjiakZS25RLYFrcMttJqbdd8BWrnA+fGz57iN5Pb06pvBGvl5gQ0B48dJlslXvoTg=="
    "resolved" "https://registry.npmmirror.com/argparse/-/argparse-1.0.10.tgz"
    "version" "1.0.10"
    dependencies:
      "sprintf-js" "~1.0.2"
  
  "argparse@^2.0.1":
    "integrity" "sha512-8+9WqebbFzpX9OR+Wa6O29asIogeRMzcGtAINdpMHHyAg10f05aSFVBbcEqGf/PXw1EjAZ+q2/bEBg3DvurK3Q=="
    "resolved" "https://registry.npmmirror.com/argparse/-/argparse-2.0.1.tgz"
    "version" "2.0.1"
  
  "array-union@^2.1.0":
    "integrity" "sha512-HGyxoOTYUyCM6stUe6EJgnd4EoewAI7zMdfqO+kGjnlZmBDz/cR5pf8r/cR4Wq60sL/p0IkcjUEEPwS3GFrIyw=="
    "resolved" "https://registry.npmmirror.com/array-union/-/array-union-2.1.0.tgz"
    "version" "2.1.0"
  
  "autoprefixer@^10.0.2", "autoprefixer@^10.4.8":
    "integrity" "sha512-5lHp6DgRodxlBLSkzHOTcufWFflH1ewfy2hvFQyjrblBFlP/0Yh4O/Wrg4ow8WRlN3AAUFFLAQwX8hTptzqVHg=="
    "resolved" "https://registry.npmmirror.com/autoprefixer/-/autoprefixer-10.4.11.tgz"
    "version" "10.4.11"
    dependencies:
      "browserslist" "^4.21.3"
      "caniuse-lite" "^1.0.30001399"
      "fraction.js" "^4.2.0"
      "normalize-range" "^0.1.2"
      "picocolors" "^1.0.0"
      "postcss-value-parser" "^4.2.0"
  
  "balanced-match@^1.0.0":
    "integrity" "sha512-3oSeUO0TMV67hN1AmbXsK4yaqU7tjiHlbxRDZOpH0KW9+CeX4bRAaX0Anxt0tx2MrpRpWwQaPwIlISEJhYU5Pw=="
    "resolved" "https://registry.npmmirror.com/balanced-match/-/balanced-match-1.0.2.tgz"
    "version" "1.0.2"
  
  "base64-js@^1.3.1":
    "integrity" "sha512-AKpaYlHn8t4SVbOHCy+b5+KKgvR4vrsD8vbvrbiQJps7fKDTkjkDry6ji0rUJjC0kzbNePLwzxq8iypo41qeWA=="
    "resolved" "https://registry.npmmirror.com/base64-js/-/base64-js-1.5.1.tgz"
    "version" "1.5.1"
  
  "binary-extensions@^2.0.0":
    "integrity" "sha512-jDctJ/IVQbZoJykoeHbhXpOlNBqGNcwXJKJog42E5HDPUwQTSdjCHdihjj0DlnheQ7blbT6dHOafNAiS8ooQKA=="
    "resolved" "https://registry.npmmirror.com/binary-extensions/-/binary-extensions-2.2.0.tgz"
    "version" "2.2.0"
  
  "bl@^4.1.0":
    "integrity" "sha512-1W07cM9gS6DcLperZfFSj+bWLtaPGSOHWhPiGzXmvVJbRLdG82sH/Kn8EtW1VqWVA54AKf2h5k5BbnIbwF3h6w=="
    "resolved" "https://registry.npmmirror.com/bl/-/bl-4.1.0.tgz"
    "version" "4.1.0"
    dependencies:
      "buffer" "^5.5.0"
      "inherits" "^2.0.4"
      "readable-stream" "^3.4.0"
  
  "bl@^5.0.0":
    "integrity" "sha512-8vxFNZ0pflFfi0WXA3WQXlj6CaMEwsmh63I1CNp0q+wWv8sD0ARx1KovSQd0l2GkwrMIOyedq0EF1FxI+RCZLQ=="
    "resolved" "https://registry.npmmirror.com/bl/-/bl-5.0.0.tgz"
    "version" "5.0.0"
    dependencies:
      "buffer" "^6.0.3"
      "inherits" "^2.0.4"
      "readable-stream" "^3.4.0"
  
  "brace-expansion@^1.1.7":
    "integrity" "sha512-iCuPHDFgrHX7H2vEI/5xpz07zSHB00TpugqhmYtVmMO6518mCuRMoOYFldEBl0g187ufozdaHgWKcYFb61qGiA=="
    "resolved" "https://registry.npmmirror.com/brace-expansion/-/brace-expansion-1.1.11.tgz"
    "version" "1.1.11"
    dependencies:
      "balanced-match" "^1.0.0"
      "concat-map" "0.0.1"
  
  "braces@^3.0.2", "braces@~3.0.2":
    "integrity" "sha512-b8um+L1RzM3WDSzvhm6gIz1yfTbBt6YTlcEKAvsmqCZZFw46z626lVj9j1yEPW33H5H+lBQpZMP1k8l+78Ha0A=="
    "resolved" "https://registry.npmmirror.com/braces/-/braces-3.0.2.tgz"
    "version" "3.0.2"
    dependencies:
      "fill-range" "^7.0.1"
  
  "browserslist@^4.21.3", "browserslist@>= 4.21.0":
    "integrity" "sha512-CBHJJdDmgjl3daYjN5Cp5kbTf1mUhZoS+beLklHIvkOWscs83YAhLlF3Wsh/lciQYAcbBJgTOD44VtG31ZM4Hw=="
    "resolved" "https://registry.npmmirror.com/browserslist/-/browserslist-4.21.4.tgz"
    "version" "4.21.4"
    dependencies:
      "caniuse-lite" "^1.0.30001400"
      "electron-to-chromium" "^1.4.251"
      "node-releases" "^2.0.6"
      "update-browserslist-db" "^1.0.9"
  
  "buffer@^5.5.0":
    "integrity" "sha512-EHcyIPBQ4BSGlvjB16k5KgAJ27CIsHY/2JBmCRReo48y9rQ3MaUzWX3KVlBa4U7MyX02HdVj0K7C3WaB3ju7FQ=="
    "resolved" "https://registry.npmmirror.com/buffer/-/buffer-5.7.1.tgz"
    "version" "5.7.1"
    dependencies:
      "base64-js" "^1.3.1"
      "ieee754" "^1.1.13"
  
  "buffer@^6.0.3":
    "integrity" "sha512-FTiCpNxtwiZZHEZbcbTIcZjERVICn9yq/pDFkTl95/AxzD1naBctN7YO68riM/gLSDY7sdrMby8hofADYuuqOA=="
    "resolved" "https://registry.npmmirror.com/buffer/-/buffer-6.0.3.tgz"
    "version" "6.0.3"
    dependencies:
      "base64-js" "^1.3.1"
      "ieee754" "^1.2.1"
  
  "bytes@^3.0.0":
    "integrity" "sha512-/Nf7TyzTx6S3yRJObOAV7956r8cr2+Oj8AC5dt8wSP3BQAoeX58NoHyCU8P8zGkNXStjTSi6fzO6F0pBdcYbEg=="
    "resolved" "https://registry.npmmirror.com/bytes/-/bytes-3.1.2.tgz"
    "version" "3.1.2"
  
  "cac@^6.7.12":
    "integrity" "sha512-b6Ilus+c3RrdDk+JhLKUAQfzzgLEPy6wcXqS7f/xe1EETvsDP6GORG7SFuOs6cID5YkqchW/LXZbX5bc8j7ZcQ=="
    "resolved" "https://registry.npmmirror.com/cac/-/cac-6.7.14.tgz"
    "version" "6.7.14"
  
  "callsites@^3.0.0":
    "integrity" "sha512-P8BjAsXvZS+VIDUI11hHCQEv74YT67YUi5JJFNWIqL235sBmjX4+qx9Muvls5ivyNENctx46xQLQ3aTuE7ssaQ=="
    "resolved" "https://registry.npmmirror.com/callsites/-/callsites-3.1.0.tgz"
    "version" "3.1.0"
  
  "camelcase-css@^2.0.1":
    "integrity" "sha512-QOSvevhslijgYwRx6Rv7zKdMF8lbRmx+uQGx2+vDc+KI/eBnsy9kit5aj23AgGu3pa4t9AgwbnXWqS+iOY+2aA=="
    "resolved" "https://registry.npmmirror.com/camelcase-css/-/camelcase-css-2.0.1.tgz"
    "version" "2.0.1"
  
  "caniuse-lite@^1.0.30001399", "caniuse-lite@^1.0.30001400":
    "integrity" "sha512-Mx4MlhXO5NwuvXGgVb+hg65HZ+bhUYsz8QtDGDo2QmaJS2GBX47Xfi2koL86lc8K+l+htXeTEB/Aeqvezoo6Ew=="
    "resolved" "https://registry.npmmirror.com/caniuse-lite/-/caniuse-lite-1.0.30001402.tgz"
    "version" "1.0.30001402"
  
  "chalk@^2.0.0":
    "integrity" "sha512-Mti+f9lpJNcwF4tWV8/OrTTtF1gZi+f8FqlyAdouralcFWFQWF2+NgCHShjkCb+IFBLq9buZwE1xckQU4peSuQ=="
    "resolved" "https://registry.npmmirror.com/chalk/-/chalk-2.4.2.tgz"
    "version" "2.4.2"
    dependencies:
      "ansi-styles" "^3.2.1"
      "escape-string-regexp" "^1.0.5"
      "supports-color" "^5.3.0"
  
  "chalk@^4.1.0", "chalk@^4.1.2":
    "integrity" "sha512-oKnbhFyRIXpUuez8iBMmyEa4nbj4IOQyuhc/wy9kY7/WVPcwIO9VA668Pu8RkO7+0G76SLROeyw9CpQ061i4mA=="
    "resolved" "https://registry.npmmirror.com/chalk/-/chalk-4.1.2.tgz"
    "version" "4.1.2"
    dependencies:
      "ansi-styles" "^4.1.0"
      "supports-color" "^7.1.0"
  
  "chalk@^5.0.0", "chalk@^5.0.1":
    "integrity" "sha512-Fo07WOYGqMfCWHOzSXOt2CxDbC6skS/jO9ynEcmpANMoPrD+W1r1K6Vx7iNm+AQmETU1Xr2t+n8nzkV9t6xh3w=="
    "resolved" "https://registry.npmmirror.com/chalk/-/chalk-5.0.1.tgz"
    "version" "5.0.1"
  
  "chokidar@^3.5.2", "chokidar@^3.5.3", "chokidar@>=3.0.0 <4.0.0":
    "integrity" "sha512-Dr3sfKRP6oTcjf2JmUmFJfeVMvXBdegxB0iVQ5eb2V10uFJUCAS8OByZdVAyVb8xXNz3GjjTgj9kLWsZTqE6kw=="
    "resolved" "https://registry.npmmirror.com/chokidar/-/chokidar-3.5.3.tgz"
    "version" "3.5.3"
    dependencies:
      "anymatch" "~3.1.2"
      "braces" "~3.0.2"
      "glob-parent" "~5.1.2"
      "is-binary-path" "~2.1.0"
      "is-glob" "~4.0.1"
      "normalize-path" "~3.0.0"
      "readdirp" "~3.6.0"
    optionalDependencies:
      "fsevents" "~2.3.2"
  
  "cli-cursor@^3.1.0":
    "integrity" "sha512-I/zHAwsKf9FqGoXM4WWRACob9+SNukZTd94DWF57E4toouRulbCxcUh6RKUEOQlYTHJnzkPMySvPNaaSLNfLZw=="
    "resolved" "https://registry.npmmirror.com/cli-cursor/-/cli-cursor-3.1.0.tgz"
    "version" "3.1.0"
    dependencies:
      "restore-cursor" "^3.1.0"
  
  "cli-cursor@^4.0.0":
    "integrity" "sha512-VGtlMu3x/4DOtIUwEkRezxUZ2lBacNJCHash0N0WeZDBS+7Ux1dm3XWAgWYxLJFMMdOeXMHXorshEFhbMSGelg=="
    "resolved" "https://registry.npmmirror.com/cli-cursor/-/cli-cursor-4.0.0.tgz"
    "version" "4.0.0"
    dependencies:
      "restore-cursor" "^4.0.0"
  
  "cli-spinners@^2.5.0", "cli-spinners@^2.6.1":
    "integrity" "sha512-qu3pN8Y3qHNgE2AFweciB1IfMnmZ/fsNTEE+NOFjmGB2F/7rLhnhzppvpCnN4FovtP26k8lHyy9ptEbNwWFLzw=="
    "resolved" "https://registry.npmmirror.com/cli-spinners/-/cli-spinners-2.7.0.tgz"
    "version" "2.7.0"
  
  "clone@^1.0.2":
    "integrity" "sha512-JQHZ2QMW6l3aH/j6xCqQThY/9OH4D/9ls34cgkUBiEeocRTU04tHfKPBsUK1PqZCUQM7GiA0IIXJSuXHI64Kbg=="
    "resolved" "https://registry.npmmirror.com/clone/-/clone-1.0.4.tgz"
    "version" "1.0.4"
  
  "color-convert@^1.9.0":
    "integrity" "sha512-QfAUtd+vFdAtFQcC8CCyYt1fYWxSqAiK2cSD6zDB8N3cpsEBAvRxp9zOGg6G/SHHJYAT88/az/IuDGALsNVbGg=="
    "resolved" "https://registry.npmmirror.com/color-convert/-/color-convert-1.9.3.tgz"
    "version" "1.9.3"
    dependencies:
      "color-name" "1.1.3"
  
  "color-convert@^2.0.1":
    "integrity" "sha512-RRECPsj7iu/xb5oKYcsFHSppFNnsj/52OVTRKb4zP5onXwVF3zVmmToNcOfGC+CRDpfK/U584fMg38ZHCaElKQ=="
    "resolved" "https://registry.npmmirror.com/color-convert/-/color-convert-2.0.1.tgz"
    "version" "2.0.1"
    dependencies:
      "color-name" "~1.1.4"
  
  "color-name@^1.0.0", "color-name@~1.1.4":
    "integrity" "sha512-dOy+3AuW3a2wNbZHIuMZpTcgjGuLU/uBL/ubcZF9OXbDo8ff4O8yVp5Bf0efS8uEoYo5q4Fx7dY9OgQGXgAsQA=="
    "resolved" "https://registry.npmmirror.com/color-name/-/color-name-1.1.4.tgz"
    "version" "1.1.4"
  
  "color-name@1.1.3":
    "integrity" "sha512-72fSenhMw2HZMTVHeCA9KCmpEIbzWiQsjN+BHcBbS9vr1mtt+vJjPdksIBNUmKAW8TFUDPJK5SUU3QhE9NEXDw=="
    "resolved" "https://registry.npmmirror.com/color-name/-/color-name-1.1.3.tgz"
    "version" "1.1.3"
  
  "color-string@^1.9.0":
    "integrity" "sha512-shrVawQFojnZv6xM40anx4CkoDP+fZsw/ZerEMsW/pyzsRbElpsL/DBVW7q3ExxwusdNXI3lXpuhEZkzs8p5Eg=="
    "resolved" "https://registry.npmmirror.com/color-string/-/color-string-1.9.1.tgz"
    "version" "1.9.1"
    dependencies:
      "color-name" "^1.0.0"
      "simple-swizzle" "^0.2.2"
  
  "color@^4.0.1":
    "integrity" "sha512-1rXeuUUiGGrykh+CeBdu5Ie7OJwinCgQY0bc7GCRxy5xVHy+moaqkpL/jqQq0MtQOeYcrqEz4abc5f0KtU7W4A=="
    "resolved" "https://registry.npmmirror.com/color/-/color-4.2.3.tgz"
    "version" "4.2.3"
    dependencies:
      "color-convert" "^2.0.1"
      "color-string" "^1.9.0"
  
  "commander@^8.0.0":
    "integrity" "sha512-OkTL9umf+He2DZkUq8f8J9of7yL6RJKI24dVITBmNfZBmri9zYZQrKkuXiKhyfPSu8tUhnVBB1iKXevvnlR4Ww=="
    "resolved" "https://registry.npmmirror.com/commander/-/commander-8.3.0.tgz"
    "version" "8.3.0"
  
  "concat-map@0.0.1":
    "integrity" "sha512-/Srv4dswyQNBfohGpz9o6Yb3Gz3SrUDqBH5rTuhGR7ahtlbYKnVxw2bCFMRljaA7EXHaXZ8wsHdodFvbkhKmqg=="
    "resolved" "https://registry.npmmirror.com/concat-map/-/concat-map-0.0.1.tgz"
    "version" "0.0.1"
  
  "connect-history-api-fallback@^2.0.0":
    "integrity" "sha512-U73+6lQFmfiNPrYbXqr6kZ1i1wiRqXnp2nhMsINseWXO8lDau0LGEffJ8kQi4EjLZympVgRdvqjAgiZ1tgzDDA=="
    "resolved" "https://registry.npmmirror.com/connect-history-api-fallback/-/connect-history-api-fallback-2.0.0.tgz"
    "version" "2.0.0"
  
  "cosmiconfig@^7.0.1":
    "integrity" "sha512-a1YWNUV2HwGimB7dU2s1wUMurNKjpx60HxBB6xUM8Re+2s1g1IIfJvFR0/iCF+XHdE0GMTKTuLR32UQff4TEyQ=="
    "resolved" "https://registry.npmmirror.com/cosmiconfig/-/cosmiconfig-7.0.1.tgz"
    "version" "7.0.1"
    dependencies:
      "@types/parse-json" "^4.0.0"
      "import-fresh" "^3.2.1"
      "parse-json" "^5.0.0"
      "path-type" "^4.0.0"
      "yaml" "^1.10.0"
  
  "cross-spawn@^7.0.3":
    "integrity" "sha512-iRDPJKUPVEND7dHPO8rkbOnPpyDygcDFtWjpeWNCgy8WP2rXcxXL8TskReQl6OrB2G7+UJrags1q15Fudc7G6w=="
    "resolved" "https://registry.npmmirror.com/cross-spawn/-/cross-spawn-7.0.3.tgz"
    "version" "7.0.3"
    dependencies:
      "path-key" "^3.1.0"
      "shebang-command" "^2.0.0"
      "which" "^2.0.1"
  
  "css-color-names@^0.0.4":
    "integrity" "sha512-zj5D7X1U2h2zsXOAM8EyUREBnnts6H+Jm+d1M2DbiQQcUtnqgQsMrdo8JW9R80YFUmIdBZeMu5wvYM7hcgWP/Q=="
    "resolved" "https://registry.npmmirror.com/css-color-names/-/css-color-names-0.0.4.tgz"
    "version" "0.0.4"
  
  "css-unit-converter@^1.1.1":
    "integrity" "sha512-IiJwMC8rdZE0+xiEZHeru6YoONC4rfPMqGm2W85jMIbkFvv5nFTwJVFHam2eFrN6txmoUYFAFXiv8ICVeTO0MA=="
    "resolved" "https://registry.npmmirror.com/css-unit-converter/-/css-unit-converter-1.1.2.tgz"
    "version" "1.1.2"
  
  "cssesc@^3.0.0":
    "integrity" "sha512-/Tb/JcjK111nNScGob5MNtsntNM1aCNUDipB/TkwZFhyDrrE47SOx/18wF2bbjgc3ZzCSKW1T5nt5EbFoAz/Vg=="
    "resolved" "https://registry.npmmirror.com/cssesc/-/cssesc-3.0.0.tgz"
    "version" "3.0.0"
  
  "csstype@^2.6.8":
    "integrity" "sha512-Z1PhmomIfypOpoMjRQB70jfvy/wxT50qW08YXO5lMIJkrdq4yOTR+AW7FqutScmB9NkLwxo+jU+kZLbofZZq/w=="
    "resolved" "https://registry.npmmirror.com/csstype/-/csstype-2.6.21.tgz"
    "version" "2.6.21"
  
  "debug@^4.3.3", "debug@^4.3.4":
    "integrity" "sha512-PRWFHuSU3eDtQJPvnNY7Jcket1j0t5OuOsFzPPzsekD52Zl8qUfFIPEiswXqIvHWGVHOgX+7G/vCNNhehwxfkQ=="
    "resolved" "https://registry.npmmirror.com/debug/-/debug-4.3.4.tgz"
    "version" "4.3.4"
    dependencies:
      "ms" "2.1.2"
  
  "defaults@^1.0.3":
    "integrity" "sha512-s82itHOnYrN0Ib8r+z7laQz3sdE+4FP3d9Q7VLO7U+KRT+CR0GsWuyHxzdAY82I7cXv0G/twrqomTJLOssO5HA=="
    "resolved" "https://registry.npmmirror.com/defaults/-/defaults-1.0.3.tgz"
    "version" "1.0.3"
    dependencies:
      "clone" "^1.0.2"
  
  "defined@^1.0.0":
    "integrity" "sha512-Y2caI5+ZwS5c3RiNDJ6u53VhQHv+hHKwhkI1iHvceKUHw9Df6EK2zRLfjejRgMuCuxK7PfSWIMwWecceVvThjQ=="
    "resolved" "https://registry.npmmirror.com/defined/-/defined-1.0.0.tgz"
    "version" "1.0.0"
  
  "detective@^5.2.0":
    "integrity" "sha512-v9XE1zRnz1wRtgurGu0Bs8uHKFSTdteYZNbIPFVhUZ39L/S79ppMpdmVOZAnoz1jfEFodc48n6MX483Xo3t1yw=="
    "resolved" "https://registry.npmmirror.com/detective/-/detective-5.2.1.tgz"
    "version" "5.2.1"
    dependencies:
      "acorn-node" "^1.8.2"
      "defined" "^1.0.0"
      "minimist" "^1.2.6"
  
  "didyoumean@^1.2.2":
    "integrity" "sha512-gxtyfqMg7GKyhQmb056K7M3xszy/myH8w+B4RT+QXBQsvAOdc3XymqDDPHx1BgPgsdAA5SIifona89YtRATDzw=="
    "resolved" "https://registry.npmmirror.com/didyoumean/-/didyoumean-1.2.2.tgz"
    "version" "1.2.2"
  
  "dir-glob@^3.0.1":
    "integrity" "sha512-WkrWp9GR4KXfKGYzOLmTuGVi1UWFfws377n9cc55/tb6DuqyF6pcQ5AbiHEshaDpY9v6oaSr2XCDidGmMwdzIA=="
    "resolved" "https://registry.npmmirror.com/dir-glob/-/dir-glob-3.0.1.tgz"
    "version" "3.0.1"
    dependencies:
      "path-type" "^4.0.0"
  
  "dlv@^1.1.3":
    "integrity" "sha512-+HlytyjlPKnIG8XuRG8WvmBP8xs8P71y+SKKS6ZXWoEgLuePxtDoUEiH7WkdePWrQ5JBpE6aoVqfZfJUQkjXwA=="
    "resolved" "https://registry.npmmirror.com/dlv/-/dlv-1.1.3.tgz"
    "version" "1.1.3"
  
  "electron-to-chromium@^1.4.251":
    "integrity" "sha512-Sh/7YsHqQYkA6ZHuHMy24e6TE4eX6KZVsZb9E/DvU1nQRIrH4BflO/4k+83tfdYvDl+MObvlqHPRICzEdC9c6Q=="
    "resolved" "https://registry.npmmirror.com/electron-to-chromium/-/electron-to-chromium-1.4.254.tgz"
    "version" "1.4.254"
  
  "entities@~2.1.0":
    "integrity" "sha512-hCx1oky9PFrJ611mf0ifBLBRW8lUUVRlFolb5gWRfIELabBlbp9xZvrqZLZAs+NxFnbfQoeGd8wDkygjg7U85w=="
    "resolved" "https://registry.npmmirror.com/entities/-/entities-2.1.0.tgz"
    "version" "2.1.0"
  
  "entities@~3.0.1":
    "integrity" "sha512-WiyBqoomrwMdFG1e0kqvASYfnlb0lp8M5o5Fw2OFq1hNZxxcNk8Ik0Xm7LxzBhuidnZB/UtBqVCgUz3kBOP51Q=="
    "resolved" "https://registry.npmmirror.com/entities/-/entities-3.0.1.tgz"
    "version" "3.0.1"
  
  "envinfo@^7.8.1":
    "integrity" "sha512-/o+BXHmB7ocbHEAs6F2EnG0ogybVVUdkRunTT2glZU9XAaGmhqskrvKwqXuDfNjEO0LZKWdejEEpnq8aM0tOaw=="
    "resolved" "https://registry.npmmirror.com/envinfo/-/envinfo-7.8.1.tgz"
    "version" "7.8.1"
  
  "error-ex@^1.3.1":
    "integrity" "sha512-7dFHNmqeFSEt2ZBsCriorKnn3Z2pj+fd9kmI6QoWw4//DL+icEBfc0U7qJCisqrTsKTjw4fNFy2pW9OqStD84g=="
    "resolved" "https://registry.npmmirror.com/error-ex/-/error-ex-1.3.2.tgz"
    "version" "1.3.2"
    dependencies:
      "is-arrayish" "^0.2.1"
  
  "esbuild-windows-64@0.14.54":
    "integrity" "sha512-AoHTRBUuYwXtZhjXZbA1pGfTo8cJo3vZIcWGLiUcTNgHpJJMC1rVA44ZereBHMJtotyN71S8Qw0npiCIkW96cQ=="
    "resolved" "https://registry.npmmirror.com/esbuild-windows-64/-/esbuild-windows-64-0.14.54.tgz"
    "version" "0.14.54"
  
  "esbuild-windows-64@0.15.7":
    "integrity" "sha512-7MI08Ec2sTIDv+zH6StNBKO+2hGUYIT42GmFyW6MBBWWtJhTcQLinKS6ldIN1d52MXIbiJ6nXyCJ+LpL4jBm3Q=="
    "resolved" "https://registry.npmmirror.com/esbuild-windows-64/-/esbuild-windows-64-0.15.7.tgz"
    "version" "0.15.7"
  
  "esbuild@^0.14.47":
    "integrity" "sha512-Cy9llcy8DvET5uznocPyqL3BFRrFXSVqbgpMJ9Wz8oVjZlh/zUSNbPRbov0VX7VxN2JH1Oa0uNxZ7eLRb62pJA=="
    "resolved" "https://registry.npmmirror.com/esbuild/-/esbuild-0.14.54.tgz"
    "version" "0.14.54"
    optionalDependencies:
      "@esbuild/linux-loong64" "0.14.54"
      "esbuild-android-64" "0.14.54"
      "esbuild-android-arm64" "0.14.54"
      "esbuild-darwin-64" "0.14.54"
      "esbuild-darwin-arm64" "0.14.54"
      "esbuild-freebsd-64" "0.14.54"
      "esbuild-freebsd-arm64" "0.14.54"
      "esbuild-linux-32" "0.14.54"
      "esbuild-linux-64" "0.14.54"
      "esbuild-linux-arm" "0.14.54"
      "esbuild-linux-arm64" "0.14.54"
      "esbuild-linux-mips64le" "0.14.54"
      "esbuild-linux-ppc64le" "0.14.54"
      "esbuild-linux-riscv64" "0.14.54"
      "esbuild-linux-s390x" "0.14.54"
      "esbuild-netbsd-64" "0.14.54"
      "esbuild-openbsd-64" "0.14.54"
      "esbuild-sunos-64" "0.14.54"
      "esbuild-windows-32" "0.14.54"
      "esbuild-windows-64" "0.14.54"
      "esbuild-windows-arm64" "0.14.54"
  
  "esbuild@^0.15.5":
    "integrity" "sha512-7V8tzllIbAQV1M4QoE52ImKu8hT/NLGlGXkiDsbEU5PS6K8Mn09ZnYoS+dcmHxOS9CRsV4IRAMdT3I67IyUNXw=="
    "resolved" "https://registry.npmmirror.com/esbuild/-/esbuild-0.15.7.tgz"
    "version" "0.15.7"
    optionalDependencies:
      "@esbuild/linux-loong64" "0.15.7"
      "esbuild-android-64" "0.15.7"
      "esbuild-android-arm64" "0.15.7"
      "esbuild-darwin-64" "0.15.7"
      "esbuild-darwin-arm64" "0.15.7"
      "esbuild-freebsd-64" "0.15.7"
      "esbuild-freebsd-arm64" "0.15.7"
      "esbuild-linux-32" "0.15.7"
      "esbuild-linux-64" "0.15.7"
      "esbuild-linux-arm" "0.15.7"
      "esbuild-linux-arm64" "0.15.7"
      "esbuild-linux-mips64le" "0.15.7"
      "esbuild-linux-ppc64le" "0.15.7"
      "esbuild-linux-riscv64" "0.15.7"
      "esbuild-linux-s390x" "0.15.7"
      "esbuild-netbsd-64" "0.15.7"
      "esbuild-openbsd-64" "0.15.7"
      "esbuild-sunos-64" "0.15.7"
      "esbuild-windows-32" "0.15.7"
      "esbuild-windows-64" "0.15.7"
      "esbuild-windows-arm64" "0.15.7"
  
  "escalade@^3.1.1":
    "integrity" "sha512-k0er2gUkLf8O0zKJiAhmkTnJlTvINGv7ygDNPbeIsX/TJjGJZHuh9B2UxbsaEkmlEo9MfhrSzmhIlhRlI2GXnw=="
    "resolved" "https://registry.npmmirror.com/escalade/-/escalade-3.1.1.tgz"
    "version" "3.1.1"
  
  "escape-string-regexp@^1.0.5":
    "integrity" "sha512-vbRorB5FUQWvla16U8R/qgaFIya2qGzwDrNmCZuYKrbdSUMG6I1ZCGQRefkRVhuOkIGVne7BQ35DSfo1qvJqFg=="
    "resolved" "https://registry.npmmirror.com/escape-string-regexp/-/escape-string-regexp-1.0.5.tgz"
    "version" "1.0.5"
  
  "esprima@^4.0.0":
    "integrity" "sha512-eGuFFw7Upda+g4p+QHvnW0RyTX/SVeJBDM/gCtMARO0cLuT2HcEKnTPvhjV6aGeqrCB/sbNop0Kszm0jsaWU4A=="
    "resolved" "https://registry.npmmirror.com/esprima/-/esprima-4.0.1.tgz"
    "version" "4.0.1"
  
  "estree-walker@^2.0.2":
    "integrity" "sha512-Rfkk/Mp/DL7JVje3u18FxFujQlTNR2q6QfMSMB7AvCBx91NGj/ba3kCfza0f6dVDbw7YlRf/nDrn7pQrCCyQ/w=="
    "resolved" "https://registry.npmmirror.com/estree-walker/-/estree-walker-2.0.2.tgz"
    "version" "2.0.2"
  
  "execa@^6.1.0":
    "integrity" "sha512-QVWlX2e50heYJcCPG0iWtf8r0xjEYfz/OYLGDYH+IyjWezzPNxz63qNFOu0l4YftGWuizFVZHHs8PrLU5p2IDA=="
    "resolved" "https://registry.npmmirror.com/execa/-/execa-6.1.0.tgz"
    "version" "6.1.0"
    dependencies:
      "cross-spawn" "^7.0.3"
      "get-stream" "^6.0.1"
      "human-signals" "^3.0.1"
      "is-stream" "^3.0.0"
      "merge-stream" "^2.0.0"
      "npm-run-path" "^5.1.0"
      "onetime" "^6.0.0"
      "signal-exit" "^3.0.7"
      "strip-final-newline" "^3.0.0"
  
  "extend-shallow@^2.0.1":
    "integrity" "sha512-zCnTtlxNoAiDc3gqY2aYAWFx7XWWiasuF2K8Me5WbN8otHKTUKBwjPtNpRs/rbUZm7KxWAaNj7P1a/p52GbVug=="
    "resolved" "https://registry.npmmirror.com/extend-shallow/-/extend-shallow-2.0.1.tgz"
    "version" "2.0.1"
    dependencies:
      "is-extendable" "^0.1.0"
  
  "fast-glob@^3.2.11", "fast-glob@^3.2.7", "fast-glob@^3.2.9":
    "integrity" "sha512-DVj4CQIYYow0BlaelwK1pHl5n5cRSJfM60UA0zK891sVInoPri2Ekj7+e1CT3/3qxXenpI+nBBmQAcJPJgaj4w=="
    "resolved" "https://registry.npmmirror.com/fast-glob/-/fast-glob-3.2.12.tgz"
    "version" "3.2.12"
    dependencies:
      "@nodelib/fs.stat" "^2.0.2"
      "@nodelib/fs.walk" "^1.2.3"
      "glob-parent" "^5.1.2"
      "merge2" "^1.3.0"
      "micromatch" "^4.0.4"
  
  "fastq@^1.6.0":
    "integrity" "sha512-YpkpUnK8od0o1hmeSc7UUs/eB/vIPWJYjKck2QKIzAf71Vm1AAQ3EbuZB3g2JIy+pg+ERD0vqI79KyZiB2e2Nw=="
    "resolved" "https://registry.npmmirror.com/fastq/-/fastq-1.13.0.tgz"
    "version" "1.13.0"
    dependencies:
      "reusify" "^1.0.4"
  
  "fill-range@^7.0.1":
    "integrity" "sha512-qOo9F+dMUmC2Lcb4BbVvnKJxTPjCm+RRpe4gDuGrzkL7mEVl/djYSu2OdQ2Pa302N4oqkSg9ir6jaLWJ2USVpQ=="
    "resolved" "https://registry.npmmirror.com/fill-range/-/fill-range-7.0.1.tgz"
    "version" "7.0.1"
    dependencies:
      "to-regex-range" "^5.0.1"
  
  "fraction.js@^4.2.0":
    "integrity" "sha512-MhLuK+2gUcnZe8ZHlaaINnQLl0xRIGRfcGk2yl8xoQAfHrSsL3rYu6FCmBdkdbhc9EPlwyGHewaRsvwRMJtAlA=="
    "resolved" "https://registry.npmmirror.com/fraction.js/-/fraction.js-4.2.0.tgz"
    "version" "4.2.0"
  
  "fs-extra@^10.0.0", "fs-extra@^10.1.0":
    "integrity" "sha512-oRXApq54ETRj4eMiFzGnHWGy+zo5raudjuxN0b8H7s/RU2oW0Wvsx9O0ACRN/kRq9E8Vu/ReskGB5o3ji+FzHQ=="
    "resolved" "https://registry.npmmirror.com/fs-extra/-/fs-extra-10.1.0.tgz"
    "version" "10.1.0"
    dependencies:
      "graceful-fs" "^4.2.0"
      "jsonfile" "^6.0.1"
      "universalify" "^2.0.0"
  
  "fs.realpath@^1.0.0":
    "integrity" "sha512-OO0pH2lK6a0hZnAdau5ItzHPI6pUlvI7jMVnxUQRtw4owF2wk8lOSabtGDCTP4Ggrg2MbGnWO9X8K1t4+fGMDw=="
    "resolved" "https://registry.npmmirror.com/fs.realpath/-/fs.realpath-1.0.0.tgz"
    "version" "1.0.0"
  
  "function-bind@^1.1.1":
    "integrity" "sha512-yIovAzMX49sF8Yl58fSCWJ5svSLuaibPxXQJFLmBObTuCr0Mf1KiPopGM9NiFjiYBCbfaa2Fh6breQ6ANVTI0A=="
    "resolved" "https://registry.npmmirror.com/function-bind/-/function-bind-1.1.1.tgz"
    "version" "1.1.1"
  
  "get-stream@^6.0.1":
    "integrity" "sha512-ts6Wi+2j3jQjqi70w5AlN8DFnkSwC+MqmxEzdEALB2qXZYV3X/b1CTfgPLGJNMeAWxdPfU8FO1ms3NUfaHCPYg=="
    "resolved" "https://registry.npmmirror.com/get-stream/-/get-stream-6.0.1.tgz"
    "version" "6.0.1"
  
  "glob-parent@^5.1.2", "glob-parent@~5.1.2":
    "integrity" "sha512-AOIgSQCepiJYwP3ARnGx+5VnTu2HBYdzbGP45eLw1vr3zB3vZLeyed1sC9hnbcOc9/SrMyM5RPQrkGz4aS9Zow=="
    "resolved" "https://registry.npmmirror.com/glob-parent/-/glob-parent-5.1.2.tgz"
    "version" "5.1.2"
    dependencies:
      "is-glob" "^4.0.1"
  
  "glob-parent@^6.0.1":
    "integrity" "sha512-XxwI8EOhVQgWp6iDL+3b0r86f4d6AX6zSU55HfB4ydCEuXLXc5FcYeOu+nnGftS4TEju/11rt4KJPTMgbfmv4A=="
    "resolved" "https://registry.npmmirror.com/glob-parent/-/glob-parent-6.0.2.tgz"
    "version" "6.0.2"
    dependencies:
      "is-glob" "^4.0.3"
  
  "glob@^7.1.3", "glob@^7.1.7":
    "integrity" "sha512-nFR0zLpU2YCaRxwoCJvL6UvCH2JFyFVIvwTLsIf21AuHlMskA1hhTdk+LlYJtOlYt9v6dvszD2BGRqBL+iQK9Q=="
    "resolved" "https://registry.npmmirror.com/glob/-/glob-7.2.3.tgz"
    "version" "7.2.3"
    dependencies:
      "fs.realpath" "^1.0.0"
      "inflight" "^1.0.4"
      "inherits" "2"
      "minimatch" "^3.1.1"
      "once" "^1.3.0"
      "path-is-absolute" "^1.0.0"
  
  "globby@^11.0.4":
    "integrity" "sha512-jhIXaOzy1sb8IyocaruWSn1TjmnBVs8Ayhcy83rmxNJ8q2uWKCAj3CnJY+KpGSXCueAPc0i05kVvVKtP1t9S3g=="
    "resolved" "https://registry.npmmirror.com/globby/-/globby-11.1.0.tgz"
    "version" "11.1.0"
    dependencies:
      "array-union" "^2.1.0"
      "dir-glob" "^3.0.1"
      "fast-glob" "^3.2.9"
      "ignore" "^5.2.0"
      "merge2" "^1.4.1"
      "slash" "^3.0.0"
  
  "globby@^13.1.2":
    "integrity" "sha512-LKSDZXToac40u8Q1PQtZihbNdTYSNMuWe+K5l+oa6KgDzSvVrHXlJy40hUP522RjAIoNLJYBJi7ow+rbFpIhHQ=="
    "resolved" "https://registry.npmmirror.com/globby/-/globby-13.1.2.tgz"
    "version" "13.1.2"
    dependencies:
      "dir-glob" "^3.0.1"
      "fast-glob" "^3.2.11"
      "ignore" "^5.2.0"
      "merge2" "^1.4.1"
      "slash" "^4.0.0"
  
  "graceful-fs@^4.1.6", "graceful-fs@^4.2.0":
    "integrity" "sha512-9ByhssR2fPVsNZj478qUUbKfmL0+t5BDVyjShtyZZLiK7ZDAArFFfopyOTj0M05wE2tJPisA4iTnnXl2YoPvOA=="
    "resolved" "https://registry.npmmirror.com/graceful-fs/-/graceful-fs-4.2.10.tgz"
    "version" "4.2.10"
  
  "gray-matter@^4.0.3":
    "integrity" "sha512-5v6yZd4JK3eMI3FqqCouswVqwugaA9r4dNZB1wwcmrD02QkV5H0y7XBQW8QwQqEaZY1pM9aqORSORhJRdNK44Q=="
    "resolved" "https://registry.npmmirror.com/gray-matter/-/gray-matter-4.0.3.tgz"
    "version" "4.0.3"
    dependencies:
      "js-yaml" "^3.13.1"
      "kind-of" "^6.0.2"
      "section-matter" "^1.0.0"
      "strip-bom-string" "^1.0.0"
  
  "has-flag@^3.0.0":
    "integrity" "sha512-sKJf1+ceQBr4SMkvQnBDNDtf4TXpVhVGateu0t918bl30FnbE2m4vNLX+VWe/dpjlb+HugGYzW7uQXH98HPEYw=="
    "resolved" "https://registry.npmmirror.com/has-flag/-/has-flag-3.0.0.tgz"
    "version" "3.0.0"
  
  "has-flag@^4.0.0":
    "integrity" "sha512-EykJT/Q1KjTWctppgIAgfSO0tKVuZUjhgMr17kqTumMl6Afv3EISleU7qZUzoXDFTAHTDC4NOoG/ZxU3EvlMPQ=="
    "resolved" "https://registry.npmmirror.com/has-flag/-/has-flag-4.0.0.tgz"
    "version" "4.0.0"
  
  "has@^1.0.3":
    "integrity" "sha512-f2dvO0VU6Oej7RkWJGrehjbzMAjFp5/VKPp5tTpWIV4JHHZK1/BxbFRtf/siA2SWTe09caDmVtYYzWEIbBS4zw=="
    "resolved" "https://registry.npmmirror.com/has/-/has-1.0.3.tgz"
    "version" "1.0.3"
    dependencies:
      "function-bind" "^1.1.1"
  
  "hash-sum@^2.0.0":
    "integrity" "sha512-WdZTbAByD+pHfl/g9QSsBIIwy8IT+EsPiKDs0KNX+zSHhdDLFKdZu0BQHljvO+0QI/BasbMSUa8wYNCZTvhslg=="
    "resolved" "https://registry.npmmirror.com/hash-sum/-/hash-sum-2.0.0.tgz"
    "version" "2.0.0"
  
  "hex-color-regex@^1.1.0":
    "integrity" "sha512-l9sfDFsuqtOqKDsQdqrMRk0U85RZc0RtOR9yPI7mRVOa4FsR/BVnZ0shmQRM96Ji99kYZP/7hn1cedc1+ApsTQ=="
    "resolved" "https://registry.npmmirror.com/hex-color-regex/-/hex-color-regex-1.1.0.tgz"
    "version" "1.1.0"
  
  "hsl-regex@^1.0.0":
    "integrity" "sha512-M5ezZw4LzXbBKMruP+BNANf0k+19hDQMgpzBIYnya//Al+fjNct9Wf3b1WedLqdEs2hKBvxq/jh+DsHJLj0F9A=="
    "resolved" "https://registry.npmmirror.com/hsl-regex/-/hsl-regex-1.0.0.tgz"
    "version" "1.0.0"
  
  "hsla-regex@^1.0.0":
    "integrity" "sha512-7Wn5GMLuHBjZCb2bTmnDOycho0p/7UVaAeqXZGbHrBCl6Yd/xDhQJAXe6Ga9AXJH2I5zY1dEdYw2u1UptnSBJA=="
    "resolved" "https://registry.npmmirror.com/hsla-regex/-/hsla-regex-1.0.0.tgz"
    "version" "1.0.0"
  
  "html-tags@^3.1.0":
    "integrity" "sha512-vy7ClnArOZwCnqZgvv+ddgHgJiAFXe3Ge9ML5/mBctVJoUoYPCdxVucOywjDARn6CVoh3dRSFdPHy2sX80L0Wg=="
    "resolved" "https://registry.npmmirror.com/html-tags/-/html-tags-3.2.0.tgz"
    "version" "3.2.0"
  
  "human-signals@^3.0.1":
    "integrity" "sha512-rQLskxnM/5OCldHo+wNXbpVgDn5A17CUoKX+7Sokwaknlq7CdSnphy0W39GU8dw59XiCXmFXDg4fRuckQRKewQ=="
    "resolved" "https://registry.npmmirror.com/human-signals/-/human-signals-3.0.1.tgz"
    "version" "3.0.1"
  
  "ieee754@^1.1.13", "ieee754@^1.2.1":
    "integrity" "sha512-dcyqhDvX1C46lXZcVqCpK+FtMRQVdIMN6/Df5js2zouUsqG7I6sFxitIC+7KYK29KdXOLHdu9zL4sFnoVQnqaA=="
    "resolved" "https://registry.npmmirror.com/ieee754/-/ieee754-1.2.1.tgz"
    "version" "1.2.1"
  
  "ignore@^5.2.0":
    "integrity" "sha512-CmxgYGiEPCLhfLnpPp1MoRmifwEIOgjcHXxOBjv7mY96c+eWScsOP9c112ZyLdWHi0FxHjI+4uVhKYp/gcdRmQ=="
    "resolved" "https://registry.npmmirror.com/ignore/-/ignore-5.2.0.tgz"
    "version" "5.2.0"
  
  "immutable@^4.0.0":
    "integrity" "sha512-oNkuqVTA8jqG1Q6c+UglTOD1xhC1BtjKI7XkCXRkZHrN5m18/XsnUp8Q89GkQO/z+0WjonSvl0FLhDYftp46nQ=="
    "resolved" "https://registry.npmmirror.com/immutable/-/immutable-4.1.0.tgz"
    "version" "4.1.0"
  
  "import-fresh@^3.2.1":
    "integrity" "sha512-veYYhQa+D1QBKznvhUHxb8faxlrwUnxseDAbAp457E0wLNio2bOSKnjYDhMj+YiAq61xrMGhQk9iXVk5FzgQMw=="
    "resolved" "https://registry.npmmirror.com/import-fresh/-/import-fresh-3.3.0.tgz"
    "version" "3.3.0"
    dependencies:
      "parent-module" "^1.0.0"
      "resolve-from" "^4.0.0"
  
  "inflight@^1.0.4":
    "integrity" "sha512-k92I/b08q4wvFscXCLvqfsHCrjrF7yiXsQuIVvVE7N82W3+aqpzuUdBbfhWcy/FZR3/4IgflMgKLOsvPDrGCJA=="
    "resolved" "https://registry.npmmirror.com/inflight/-/inflight-1.0.6.tgz"
    "version" "1.0.6"
    dependencies:
      "once" "^1.3.0"
      "wrappy" "1"
  
  "inherits@^2.0.3", "inherits@^2.0.4", "inherits@2":
    "integrity" "sha512-k/vGaX4/Yla3WzyMCvTQOXYeIHvqOKtnqBduzTHpzpQZzAskKMhZ2K+EnBiSM9zGSoIFeMpXKxa4dYeZIQqewQ=="
    "resolved" "https://registry.npmmirror.com/inherits/-/inherits-2.0.4.tgz"
    "version" "2.0.4"
  
  "is-arrayish@^0.2.1":
    "integrity" "sha512-zz06S8t0ozoDXMG+ube26zeCTNXcKIPJZJi8hBrF4idCLms4CG9QtK7qBl1boi5ODzFpjswb5JPmHCbMpjaYzg=="
    "resolved" "https://registry.npmmirror.com/is-arrayish/-/is-arrayish-0.2.1.tgz"
    "version" "0.2.1"
  
  "is-arrayish@^0.3.1":
    "integrity" "sha512-eVRqCvVlZbuw3GrM63ovNSNAeA1K16kaR/LRY/92w0zxQ5/1YzwblUX652i4Xs9RwAGjW9d9y6X88t8OaAJfWQ=="
    "resolved" "https://registry.npmmirror.com/is-arrayish/-/is-arrayish-0.3.2.tgz"
    "version" "0.3.2"
  
  "is-binary-path@~2.1.0":
    "integrity" "sha512-ZMERYes6pDydyuGidse7OsHxtbI7WVeUEozgR/g7rd0xUimYNlvZRE/K2MgZTjWy725IfelLeVcEM97mmtRGXw=="
    "resolved" "https://registry.npmmirror.com/is-binary-path/-/is-binary-path-2.1.0.tgz"
    "version" "2.1.0"
    dependencies:
      "binary-extensions" "^2.0.0"
  
  "is-color-stop@^1.1.0":
    "integrity" "sha512-H1U8Vz0cfXNujrJzEcvvwMDW9Ra+biSYA3ThdQvAnMLJkEHQXn6bWzLkxHtVYJ+Sdbx0b6finn3jZiaVe7MAHA=="
    "resolved" "https://registry.npmmirror.com/is-color-stop/-/is-color-stop-1.1.0.tgz"
    "version" "1.1.0"
    dependencies:
      "css-color-names" "^0.0.4"
      "hex-color-regex" "^1.1.0"
      "hsl-regex" "^1.0.0"
      "hsla-regex" "^1.0.0"
      "rgb-regex" "^1.0.1"
      "rgba-regex" "^1.0.0"
  
  "is-core-module@^2.9.0":
    "integrity" "sha512-Erxj2n/LDAZ7H8WNJXd9tw38GYM3dv8rk8Zcs+jJuxYTW7sozH+SS8NtrSjVL1/vpLvWi1hxy96IzjJ3EHTJJg=="
    "resolved" "https://registry.npmmirror.com/is-core-module/-/is-core-module-2.10.0.tgz"
    "version" "2.10.0"
    dependencies:
      "has" "^1.0.3"
  
  "is-extendable@^0.1.0":
    "integrity" "sha512-5BMULNob1vgFX6EjQw5izWDxrecWK9AM72rugNr0TFldMOi0fj6Jk+zeKIt0xGj4cEfQIJth4w3OKWOJ4f+AFw=="
    "resolved" "https://registry.npmmirror.com/is-extendable/-/is-extendable-0.1.1.tgz"
    "version" "0.1.1"
  
  "is-extglob@^2.1.1":
    "integrity" "sha512-SbKbANkN603Vi4jEZv49LeVJMn4yGwsbzZworEoyEiutsN3nJYdbO36zfhGJ6QEDpOZIFkDtnq5JRxmvl3jsoQ=="
    "resolved" "https://registry.npmmirror.com/is-extglob/-/is-extglob-2.1.1.tgz"
    "version" "2.1.1"
  
  "is-glob@^4.0.1", "is-glob@^4.0.3", "is-glob@~4.0.1":
    "integrity" "sha512-xelSayHH36ZgE7ZWhli7pW34hNbNl8Ojv5KVmkJD4hBdD3th8Tfk9vYasLM+mXWOZhFkgZfxhLSnrwRr4elSSg=="
    "resolved" "https://registry.npmmirror.com/is-glob/-/is-glob-4.0.3.tgz"
    "version" "4.0.3"
    dependencies:
      "is-extglob" "^2.1.1"
  
  "is-interactive@^1.0.0":
    "integrity" "sha512-2HvIEKRoqS62guEC+qBjpvRubdX910WCMuJTZ+I9yvqKU2/12eSL549HMwtabb4oupdj2sMP50k+XJfB/8JE6w=="
    "resolved" "https://registry.npmmirror.com/is-interactive/-/is-interactive-1.0.0.tgz"
    "version" "1.0.0"
  
  "is-interactive@^2.0.0":
    "integrity" "sha512-qP1vozQRI+BMOPcjFzrjXuQvdak2pHNUMZoeG2eRbiSqyvbEf/wQtEOTOX1guk6E3t36RkaqiSt8A/6YElNxLQ=="
    "resolved" "https://registry.npmmirror.com/is-interactive/-/is-interactive-2.0.0.tgz"
    "version" "2.0.0"
  
  "is-number@^7.0.0":
    "integrity" "sha512-41Cifkg6e8TylSpdtTpeLVMqvSBEVzTttHvERD741+pnZ8ANv0004MRL43QKPDlK9cGvNp6NZWZUBlbGXYxxng=="
    "resolved" "https://registry.npmmirror.com/is-number/-/is-number-7.0.0.tgz"
    "version" "7.0.0"
  
  "is-stream@^3.0.0":
    "integrity" "sha512-LnQR4bZ9IADDRSkvpqMGvt/tEJWclzklNgSw48V5EAaAeDd6qGvN8ei6k5p0tvxSR171VmGyHuTiAOfxAbr8kA=="
    "resolved" "https://registry.npmmirror.com/is-stream/-/is-stream-3.0.0.tgz"
    "version" "3.0.0"
  
  "is-unicode-supported@^0.1.0":
    "integrity" "sha512-knxG2q4UC3u8stRGyAVJCOdxFmv5DZiRcdlIaAQXAbSfJya+OhopNotLQrstBhququ4ZpuKbDc/8S6mgXgPFPw=="
    "resolved" "https://registry.npmmirror.com/is-unicode-supported/-/is-unicode-supported-0.1.0.tgz"
    "version" "0.1.0"
  
  "is-unicode-supported@^1.1.0":
    "integrity" "sha512-43r2mRvz+8JRIKnWJ+3j8JtjRKZ6GmjzfaE/qiBJnikNnYv/6bagRJ1kUhNk8R5EX/GkobD+r+sfxCPJsiKBLQ=="
    "resolved" "https://registry.npmmirror.com/is-unicode-supported/-/is-unicode-supported-1.3.0.tgz"
    "version" "1.3.0"
  
  "isexe@^2.0.0":
    "integrity" "sha512-RHxMLp9lnKHGHRng9QFhRCMbYAcVpn69smSGcq3f36xjgVVWThj4qqLbTLlq7Ssj8B+fIQ1EuCEGI2lKsyQeIw=="
    "resolved" "https://registry.npmmirror.com/isexe/-/isexe-2.0.0.tgz"
    "version" "2.0.0"
  
  "js-tokens@^4.0.0":
    "integrity" "sha512-RdJUflcE3cUzKiMqQgsCu06FPu9UdIJO0beYbPhHN4k6apgJtifcoCtT9bcxOpYBtpD2kCM6Sbzg4CausW/PKQ=="
    "resolved" "https://registry.npmmirror.com/js-tokens/-/js-tokens-4.0.0.tgz"
    "version" "4.0.0"
  
  "js-yaml@^3.13.1":
    "integrity" "sha512-okMH7OXXJ7YrN9Ok3/SXrnu4iX9yOk+25nqX4imS2npuvTYDmo/QEZoqwZkYaIDk3jVvBOTOIEgEhaLOynBS9g=="
    "resolved" "https://registry.npmmirror.com/js-yaml/-/js-yaml-3.14.1.tgz"
    "version" "3.14.1"
    dependencies:
      "argparse" "^1.0.7"
      "esprima" "^4.0.0"
  
  "json-parse-even-better-errors@^2.3.0":
    "integrity" "sha512-xyFwyhro/JEof6Ghe2iz2NcXoj2sloNsWr/XsERDK/oiPCfaNhl5ONfp+jQdAZRQQ0IJWNzH9zIZF7li91kh2w=="
    "resolved" "https://registry.npmmirror.com/json-parse-even-better-errors/-/json-parse-even-better-errors-2.3.1.tgz"
    "version" "2.3.1"
  
  "jsonfile@^6.0.1":
    "integrity" "sha512-5dgndWOriYSm5cnYaJNhalLNDKOqFwyDB/rr1E9ZsGciGvKPs8R2xYGCacuf3z6K1YKDz182fd+fY3cn3pMqXQ=="
    "resolved" "https://registry.npmmirror.com/jsonfile/-/jsonfile-6.1.0.tgz"
    "version" "6.1.0"
    dependencies:
      "universalify" "^2.0.0"
    optionalDependencies:
      "graceful-fs" "^4.1.6"
  
  "kind-of@^6.0.0", "kind-of@^6.0.2":
    "integrity" "sha512-dcS1ul+9tmeD95T+x28/ehLgd9mENa3LsvDTtzm3vyBEO7RPptvAD+t44WVXaUjTBRcrpFeFlC8WCruUR456hw=="
    "resolved" "https://registry.npmmirror.com/kind-of/-/kind-of-6.0.3.tgz"
    "version" "6.0.3"
  
  "lilconfig@^2.0.5":
    "integrity" "sha512-9JROoBW7pobfsx+Sq2JsASvCo6Pfo6WWoUW79HuB1BCoBXD4PLWJPqDF6fNj67pqBYTbAHkE57M1kS/+L1neOg=="
    "resolved" "https://registry.npmmirror.com/lilconfig/-/lilconfig-2.0.6.tgz"
    "version" "2.0.6"
  
  "lines-and-columns@^1.1.6":
    "integrity" "sha512-7ylylesZQ/PV29jhEDl3Ufjo6ZX7gCqJr5F7PKrqc93v7fzSymt1BpwEU8nAUXs8qzzvqhbjhK5QZg6Mt/HkBg=="
    "resolved" "https://registry.npmmirror.com/lines-and-columns/-/lines-and-columns-1.2.4.tgz"
    "version" "1.2.4"
  
  "linkify-it@^3.0.1":
    "integrity" "sha512-ynTsyrFSdE5oZ/O9GEf00kPngmOfVwazR5GKDq6EYfhlpFug3J2zybX56a2PRRpc9P+FuSoGNAwjlbDs9jJBPQ=="
    "resolved" "https://registry.npmmirror.com/linkify-it/-/linkify-it-3.0.3.tgz"
    "version" "3.0.3"
    dependencies:
      "uc.micro" "^1.0.1"
  
  "linkify-it@^4.0.1":
    "integrity" "sha512-C7bfi1UZmoj8+PQx22XyeXCuBlokoyWQL5pWSP+EI6nzRylyThouddufc2c1NDIcP9k5agmN9fLpA7VNJfIiqw=="
    "resolved" "https://registry.npmmirror.com/linkify-it/-/linkify-it-4.0.1.tgz"
    "version" "4.0.1"
    dependencies:
      "uc.micro" "^1.0.1"
  
  "lodash.topath@^4.5.2":
    "integrity" "sha512-1/W4dM+35DwvE/iEd1M9ekewOSTlpFekhw9mhAtrwjVqUr83/ilQiyAvmg4tVX7Unkcfl1KC+i9WdaT4B6aQcg=="
    "resolved" "https://registry.npmmirror.com/lodash.topath/-/lodash.topath-4.5.2.tgz"
    "version" "4.5.2"
  
  "lodash@^4.17.21":
    "integrity" "sha512-v2kDEe57lecTulaDIuNTPy3Ry4gLGJ6Z1O3vE1krgXZNrsQ+LFTGHVxVjcXPs17LhbZVGedAJv8XZ1tvj5FvSg=="
    "resolved" "https://registry.npmmirror.com/lodash/-/lodash-4.17.21.tgz"
    "version" "4.17.21"
  
  "log-symbols@^4.1.0":
    "integrity" "sha512-8XPvpAA8uyhfteu8pIvQxpJZ7SYYdpUivZpGy6sFsBuKRY/7rQGavedeB8aK+Zkyq6upMFVL/9AW6vOYzfRyLg=="
    "resolved" "https://registry.npmmirror.com/log-symbols/-/log-symbols-4.1.0.tgz"
    "version" "4.1.0"
    dependencies:
      "chalk" "^4.1.0"
      "is-unicode-supported" "^0.1.0"
  
  "log-symbols@^5.1.0":
    "integrity" "sha512-l0x2DvrW294C9uDCoQe1VSU4gf529FkSZ6leBl4TiqZH/e+0R7hSfHQBNut2mNygDgHwvYHfFLn6Oxb3VWj2rA=="
    "resolved" "https://registry.npmmirror.com/log-symbols/-/log-symbols-5.1.0.tgz"
    "version" "5.1.0"
    dependencies:
      "chalk" "^5.0.0"
      "is-unicode-supported" "^1.1.0"
  
  "magic-string@^0.25.7":
    "integrity" "sha512-RmF0AsMzgt25qzqqLc1+MbHmhdx0ojF2Fvs4XnOqz2ZOBXzzkEwc/dJQZCYHAn7v1jbVOjAZfK8msRn4BxO4VQ=="
    "resolved" "https://registry.npmmirror.com/magic-string/-/magic-string-0.25.9.tgz"
    "version" "0.25.9"
    dependencies:
      "sourcemap-codec" "^1.4.8"
  
  "markdown-it-anchor@^8.4.1", "markdown-it-anchor@^8.6.4":
    "integrity" "sha512-PI1qEHHkTNWT+X6Ip9w+paonfIQ+QZP9sCeMYi47oqhH+EsW8CrJ8J7CzV19QVOj6il8ATGbK2nTECj22ZHGvQ=="
    "resolved" "https://registry.npmmirror.com/markdown-it-anchor/-/markdown-it-anchor-8.6.5.tgz"
    "version" "8.6.5"
  
  "markdown-it-container@^3.0.0":
    "integrity" "sha512-y6oKTq4BB9OQuY/KLfk/O3ysFhB3IMYoIWhGJEidXt1NQFocFK2sA2t0NYZAMyMShAGL6x5OPIbrmXPIqaN9rw=="
    "resolved" "https://registry.npmmirror.com/markdown-it-container/-/markdown-it-container-3.0.0.tgz"
    "version" "3.0.0"
  
  "markdown-it-emoji@^2.0.0", "markdown-it-emoji@^2.0.2":
    "integrity" "sha512-zLftSaNrKuYl0kR5zm4gxXjHaOI3FAOEaloKmRA5hijmJZvSjmxcokOLlzycb/HXlUFWzXqpIEoyEMCE4i9MvQ=="
    "resolved" "https://registry.npmmirror.com/markdown-it-emoji/-/markdown-it-emoji-2.0.2.tgz"
    "version" "2.0.2"
  
  "markdown-it@*", "markdown-it@^13.0.1":
    "integrity" "sha512-lTlxriVoy2criHP0JKRhO2VDG9c2ypWCsT237eDiLqi09rmbKoUetyGHq2uOIRoRS//kfoJckS0eUzzkDR+k2Q=="
    "resolved" "https://registry.npmmirror.com/markdown-it/-/markdown-it-13.0.1.tgz"
    "version" "13.0.1"
    dependencies:
      "argparse" "^2.0.1"
      "entities" "~3.0.1"
      "linkify-it" "^4.0.1"
      "mdurl" "^1.0.1"
      "uc.micro" "^1.0.5"
  
  "markdown-it@^12.2.0":
    "integrity" "sha512-TchMembfxfNVpHkbtriWltGWc+m3xszaRD0CZup7GFFhzIgQqxIfn3eGj1yZpfuflzPvfkt611B2Q/Bsk1YnGg=="
    "resolved" "https://registry.npmmirror.com/markdown-it/-/markdown-it-12.3.2.tgz"
    "version" "12.3.2"
    dependencies:
      "argparse" "^2.0.1"
      "entities" "~2.1.0"
      "linkify-it" "^3.0.1"
      "mdurl" "^1.0.1"
      "uc.micro" "^1.0.5"
  
  "mdurl@^1.0.1":
    "integrity" "sha512-/sKlQJCBYVY9Ers9hqzKou4H6V5UWc/M59TH2dvkt+84itfnq7uFOMLpOiOS4ujvHP4etln18fmIxA5R5fll0g=="
    "resolved" "https://registry.npmmirror.com/mdurl/-/mdurl-1.0.1.tgz"
    "version" "1.0.1"
  
  "medium-zoom@^1.0.6":
    "integrity" "sha512-UdiUWfvz9fZMg1pzf4dcuqA0W079o0mpqbTnOz5ip4VGYX96QjmbM+OgOU/0uOzAytxC0Ny4z+VcYQnhdifimg=="
    "resolved" "https://registry.npmmirror.com/medium-zoom/-/medium-zoom-1.0.6.tgz"
    "version" "1.0.6"
  
  "merge-stream@^2.0.0":
    "integrity" "sha512-abv/qOcuPfk3URPfDzmZU1LKmuw8kT+0nIHvKrKgFrwifol/doWcdA4ZqsWQ8ENrFKkd67Mfpo/LovbIUsbt3w=="
    "resolved" "https://registry.npmmirror.com/merge-stream/-/merge-stream-2.0.0.tgz"
    "version" "2.0.0"
  
  "merge2@^1.3.0", "merge2@^1.4.1":
    "integrity" "sha512-8q7VEgMJW4J8tcfVPy8g09NcQwZdbwFEqhe/WZkoIzjn/3TGDwtOCYtXGxA3O8tPzpczCCDgv+P2P5y00ZJOOg=="
    "resolved" "https://registry.npmmirror.com/merge2/-/merge2-1.4.1.tgz"
    "version" "1.4.1"
  
  "micromatch@^4.0.4":
    "integrity" "sha512-DMy+ERcEW2q8Z2Po+WNXuw3c5YaUSFjAO5GsJqfEl7UjvtIuFKO6ZrKvcItdy98dwFI2N1tg3zNIdKaQT+aNdA=="
    "resolved" "https://registry.npmmirror.com/micromatch/-/micromatch-4.0.5.tgz"
    "version" "4.0.5"
    dependencies:
      "braces" "^3.0.2"
      "picomatch" "^2.3.1"
  
  "mimic-fn@^2.1.0":
    "integrity" "sha512-OqbOk5oEQeAZ8WXWydlu9HJjz9WVdEIvamMCcXmuqUYjTknH/sqsWvhQ3vgwKFRR1HpjvNBKQ37nbJgYzGqGcg=="
    "resolved" "https://registry.npmmirror.com/mimic-fn/-/mimic-fn-2.1.0.tgz"
    "version" "2.1.0"
  
  "mimic-fn@^4.0.0":
    "integrity" "sha512-vqiC06CuhBTUdZH+RYl8sFrL096vA45Ok5ISO6sE/Mr1jRbGH4Csnhi8f3wKVl7x8mO4Au7Ir9D3Oyv1VYMFJw=="
    "resolved" "https://registry.npmmirror.com/mimic-fn/-/mimic-fn-4.0.0.tgz"
    "version" "4.0.0"
  
  "minimatch@^3.1.1":
    "integrity" "sha512-J7p63hRiAjw1NDEww1W7i37+ByIrOWO5XQQAzZ3VOcL0PNybwpfmV/N05zFAzwQ9USyEcX6t3UO+K5aqBQOIHw=="
    "resolved" "https://registry.npmmirror.com/minimatch/-/minimatch-3.1.2.tgz"
    "version" "3.1.2"
    dependencies:
      "brace-expansion" "^1.1.7"
  
  "minimist@^1.2.6":
    "integrity" "sha512-Jsjnk4bw3YJqYzbdyBiNsPWHPfO++UGG749Cxs6peCu5Xg4nrena6OVxOYxrQTqww0Jmwt+Ref8rggumkTLz9Q=="
    "resolved" "https://registry.npmmirror.com/minimist/-/minimist-1.2.6.tgz"
    "version" "1.2.6"
  
  "modern-normalize@^1.1.0":
    "integrity" "sha512-2lMlY1Yc1+CUy0gw4H95uNN7vjbpoED7NNRSBHE25nWfLBdmMzFCsPshlzbxHz+gYMcBEUN8V4pU16prcdPSgA=="
    "resolved" "https://registry.npmmirror.com/modern-normalize/-/modern-normalize-1.1.0.tgz"
    "version" "1.1.0"
  
  "ms@2.1.2":
    "integrity" "sha512-sGkPx+VjMtmA6MX27oA4FBFELFCZZ4S4XqeGOXCv68tT+jb3vk/RyaKWP0PTKyWtmLSM0b+adUTEvbs1PEaH2w=="
    "resolved" "https://registry.npmmirror.com/ms/-/ms-2.1.2.tgz"
    "version" "2.1.2"
  
  "nanoid@^3.3.4":
    "integrity" "sha512-MqBkQh/OHTS2egovRtLk45wEyNXwF+cokD+1YPf9u5VfJiRdAiRwB2froX5Co9Rh20xs4siNPm8naNotSD6RBw=="
    "resolved" "https://registry.npmmirror.com/nanoid/-/nanoid-3.3.4.tgz"
    "version" "3.3.4"
  
  "node-emoji@^1.11.0":
    "integrity" "sha512-wo2DpQkQp7Sjm2A0cq+sN7EHKO6Sl0ctXeBdFZrL9T9+UywORbufTcTZxom8YqpLQt/FqNMUkOpkZrJVYSKD3A=="
    "resolved" "https://registry.npmmirror.com/node-emoji/-/node-emoji-1.11.0.tgz"
    "version" "1.11.0"
    dependencies:
      "lodash" "^4.17.21"
  
  "node-releases@^2.0.6":
    "integrity" "sha512-PiVXnNuFm5+iYkLBNeq5211hvO38y63T0i2KKh2KnUs3RpzJ+JtODFjkD8yjLwnDkTYF1eKXheUwdssR+NRZdg=="
    "resolved" "https://registry.npmmirror.com/node-releases/-/node-releases-2.0.6.tgz"
    "version" "2.0.6"
  
  "normalize-path@^3.0.0", "normalize-path@~3.0.0":
    "integrity" "sha512-6eZs5Ls3WtCisHWp9S2GUy8dqkpGi4BVSz3GaqiE6ezub0512ESztXUwUB6C6IKbQkY2Pnb/mD4WYojCRwcwLA=="
    "resolved" "https://registry.npmmirror.com/normalize-path/-/normalize-path-3.0.0.tgz"
    "version" "3.0.0"
  
  "normalize-range@^0.1.2":
    "integrity" "sha512-bdok/XvKII3nUpklnV6P2hxtMNrCboOjAcyBuQnWEhO665FwrSNRxU+AqpsyvO6LgGYPspN+lu5CLtw4jPRKNA=="
    "resolved" "https://registry.npmmirror.com/normalize-range/-/normalize-range-0.1.2.tgz"
    "version" "0.1.2"
  
  "npm-run-path@^5.1.0":
    "integrity" "sha512-sJOdmRGrY2sjNTRMbSvluQqg+8X7ZK61yvzBEIDhz4f8z1TZFYABsqjjCBd/0PUNE9M6QDgHJXQkGUEm7Q+l9Q=="
    "resolved" "https://registry.npmmirror.com/npm-run-path/-/npm-run-path-5.1.0.tgz"
    "version" "5.1.0"
    dependencies:
      "path-key" "^4.0.0"
  
  "object-hash@^2.2.0":
    "integrity" "sha512-gScRMn0bS5fH+IuwyIFgnh9zBdo4DV+6GhygmWM9HyNJSgS0hScp1f5vjtm7oIIOiT9trXrShAkLFSc2IqKNgw=="
    "resolved" "https://registry.npmmirror.com/object-hash/-/object-hash-2.2.0.tgz"
    "version" "2.2.0"
  
  "once@^1.3.0":
    "integrity" "sha512-lNaJgI+2Q5URQBkccEKHTQOPaXdUxnZZElQTZY0MFUAuaEqe1E+Nyvgdz/aIyNi6Z9MzO5dv1H8n58/GELp3+w=="
    "resolved" "https://registry.npmmirror.com/once/-/once-1.4.0.tgz"
    "version" "1.4.0"
    dependencies:
      "wrappy" "1"
  
  "onetime@^5.1.0":
    "integrity" "sha512-kbpaSSGJTWdAY5KPVeMOKXSrPtr8C8C7wodJbcsd51jRnmD+GZu8Y0VoU6Dm5Z4vWr0Ig/1NKuWRKf7j5aaYSg=="
    "resolved" "https://registry.npmmirror.com/onetime/-/onetime-5.1.2.tgz"
    "version" "5.1.2"
    dependencies:
      "mimic-fn" "^2.1.0"
  
  "onetime@^6.0.0":
    "integrity" "sha512-1FlR+gjXK7X+AsAHso35MnyN5KqGwJRi/31ft6x0M194ht7S+rWAvd7PHss9xSKMzE0asv1pyIHaJYq+BbacAQ=="
    "resolved" "https://registry.npmmirror.com/onetime/-/onetime-6.0.0.tgz"
    "version" "6.0.0"
    dependencies:
      "mimic-fn" "^4.0.0"
  
  "ora@^5.4.1":
    "integrity" "sha512-5b6Y85tPxZZ7QytO+BQzysW31HJku27cRIlkbAXaNx+BdcVi+LlRFmVXzeF6a7JCwJpyw5c4b+YSVImQIrBpuQ=="
    "resolved" "https://registry.npmmirror.com/ora/-/ora-5.4.1.tgz"
    "version" "5.4.1"
    dependencies:
      "bl" "^4.1.0"
      "chalk" "^4.1.0"
      "cli-cursor" "^3.1.0"
      "cli-spinners" "^2.5.0"
      "is-interactive" "^1.0.0"
      "is-unicode-supported" "^0.1.0"
      "log-symbols" "^4.1.0"
      "strip-ansi" "^6.0.0"
      "wcwidth" "^1.0.1"
  
  "ora@^6.1.2":
    "integrity" "sha512-EJQ3NiP5Xo94wJXIzAyOtSb0QEIAUu7m8t6UZ9krbz0vAJqr92JpcK/lEXg91q6B9pEGqrykkd2EQplnifDSBw=="
    "resolved" "https://registry.npmmirror.com/ora/-/ora-6.1.2.tgz"
    "version" "6.1.2"
    dependencies:
      "bl" "^5.0.0"
      "chalk" "^5.0.0"
      "cli-cursor" "^4.0.0"
      "cli-spinners" "^2.6.1"
      "is-interactive" "^2.0.0"
      "is-unicode-supported" "^1.1.0"
      "log-symbols" "^5.1.0"
      "strip-ansi" "^7.0.1"
      "wcwidth" "^1.0.1"
  
  "parent-module@^1.0.0":
    "integrity" "sha512-GQ2EWRpQV8/o+Aw8YqtfZZPfNRWZYkbidE9k5rpl/hC3vtHHBfGm2Ifi6qWV+coDGkrUKZAxE3Lot5kcsRlh+g=="
    "resolved" "https://registry.npmmirror.com/parent-module/-/parent-module-1.0.1.tgz"
    "version" "1.0.1"
    dependencies:
      "callsites" "^3.0.0"
  
  "parse-json@^5.0.0":
    "integrity" "sha512-ayCKvm/phCGxOkYRSCM82iDwct8/EonSEgCSxWxD7ve6jHggsFl4fZVQBPRNgQoKiuV/odhFrGzQXZwbifC8Rg=="
    "resolved" "https://registry.npmmirror.com/parse-json/-/parse-json-5.2.0.tgz"
    "version" "5.2.0"
    dependencies:
      "@babel/code-frame" "^7.0.0"
      "error-ex" "^1.3.1"
      "json-parse-even-better-errors" "^2.3.0"
      "lines-and-columns" "^1.1.6"
  
  "path-is-absolute@^1.0.0":
    "integrity" "sha512-AVbw3UJ2e9bq64vSaS9Am0fje1Pa8pbGqTTsmXfaIiMpnr5DlDhfJOuLj9Sf95ZPVDAUerDfEk88MPmPe7UCQg=="
    "resolved" "https://registry.npmmirror.com/path-is-absolute/-/path-is-absolute-1.0.1.tgz"
    "version" "1.0.1"
  
  "path-key@^3.1.0":
    "integrity" "sha512-ojmeN0qd+y0jszEtoY48r0Peq5dwMEkIlCOu6Q5f41lfkswXuKtYrhgoTpLnyIcHm24Uhqx+5Tqm2InSwLhE6Q=="
    "resolved" "https://registry.npmmirror.com/path-key/-/path-key-3.1.1.tgz"
    "version" "3.1.1"
  
  "path-key@^4.0.0":
    "integrity" "sha512-haREypq7xkM7ErfgIyA0z+Bj4AGKlMSdlQE2jvJo6huWD1EdkKYV+G/T4nq0YEF2vgTT8kqMFKo1uHn950r4SQ=="
    "resolved" "https://registry.npmmirror.com/path-key/-/path-key-4.0.0.tgz"
    "version" "4.0.0"
  
  "path-parse@^1.0.7":
    "integrity" "sha512-LDJzPVEEEPR+y48z93A0Ed0yXb8pAByGWo/k5YYdYgpY2/2EsOsksJrq7lOHxryrVOn1ejG6oAp8ahvOIQD8sw=="
    "resolved" "https://registry.npmmirror.com/path-parse/-/path-parse-1.0.7.tgz"
    "version" "1.0.7"
  
  "path-type@^4.0.0":
    "integrity" "sha512-gDKb8aZMDeD/tZWs9P6+q0J9Mwkdl6xMV8TjnGP3qJVJ06bdMgkbBlLU8IdfOsIsFz2BW1rNVT3XuNEl8zPAvw=="
    "resolved" "https://registry.npmmirror.com/path-type/-/path-type-4.0.0.tgz"
    "version" "4.0.0"
  
  "picocolors@^1.0.0":
    "integrity" "sha512-1fygroTLlHu66zi26VoTDv8yRgm0Fccecssto+MhsZ0D/DGW2sm8E8AjW7NU5VVTRt5GxbeZ5qBuJr+HyLYkjQ=="
    "resolved" "https://registry.npmmirror.com/picocolors/-/picocolors-1.0.0.tgz"
    "version" "1.0.0"
  
  "picomatch@^2.0.4", "picomatch@^2.2.1", "picomatch@^2.3.1":
    "integrity" "sha512-JU3teHTNjmE2VCGFzuY8EXzCDVwEqB2a8fsIvwaStHhAWJEeVd1o1QD80CU6+ZdEXXSLbSsuLwJjkCBWqRQUVA=="
    "resolved" "https://registry.npmmirror.com/picomatch/-/picomatch-2.3.1.tgz"
    "version" "2.3.1"
  
  "postcss-js@^3.0.3":
    "integrity" "sha512-gWnoWQXKFw65Hk/mi2+WTQTHdPD5UJdDXZmX073EY/B3BWnYjO4F4t0VneTCnCGQ5E5GsCdMkzPaTXwl3r5dJw=="
    "resolved" "https://registry.npmmirror.com/postcss-js/-/postcss-js-3.0.3.tgz"
    "version" "3.0.3"
    dependencies:
      "camelcase-css" "^2.0.1"
      "postcss" "^8.1.6"
  
  "postcss-load-config@^3.1.0":
    "integrity" "sha512-6DiM4E7v4coTE4uzA8U//WhtPwyhiim3eyjEMFCnUpzbrkK9wJHgKDT2mR+HbtSrd/NubVaYTOpSpjUl8NQeRg=="
    "resolved" "https://registry.npmmirror.com/postcss-load-config/-/postcss-load-config-3.1.4.tgz"
    "version" "3.1.4"
    dependencies:
      "lilconfig" "^2.0.5"
      "yaml" "^1.10.2"
  
  "postcss-nested@5.0.6":
    "integrity" "sha512-rKqm2Fk0KbA8Vt3AdGN0FB9OBOMDVajMG6ZCf/GoHgdxUJ4sBFp0A/uMIRm+MJUdo33YXEtjqIz8u7DAp8B7DA=="
    "resolved" "https://registry.npmmirror.com/postcss-nested/-/postcss-nested-5.0.6.tgz"
    "version" "5.0.6"
    dependencies:
      "postcss-selector-parser" "^6.0.6"
  
  "postcss-selector-parser@^6.0.6":
    "integrity" "sha512-IQ7TZdoaqbT+LCpShg46jnZVlhWD2w6iQYAcYXfHARZ7X1t/UGhhceQDs5X0cGqKvYlHNOuv7Oa1xmb0oQuA3w=="
    "resolved" "https://registry.npmmirror.com/postcss-selector-parser/-/postcss-selector-parser-6.0.10.tgz"
    "version" "6.0.10"
    dependencies:
      "cssesc" "^3.0.0"
      "util-deprecate" "^1.0.2"
  
  "postcss-value-parser@^3.3.0":
    "integrity" "sha512-pISE66AbVkp4fDQ7VHBwRNXzAAKJjw4Vw7nWI/+Q3vuly7SNfgYXvm6i5IgFylHGK5sP/xHAbB7N49OS4gWNyQ=="
    "resolved" "https://registry.npmmirror.com/postcss-value-parser/-/postcss-value-parser-3.3.1.tgz"
    "version" "3.3.1"
  
  "postcss-value-parser@^4.1.0", "postcss-value-parser@^4.2.0":
    "integrity" "sha512-1NNCs6uurfkVbeXG4S8JFT9t19m45ICnif8zWLd5oPSZ50QnwMfK+H3jv408d4jw/7Bttv5axS5IiHoLaVNHeQ=="
    "resolved" "https://registry.npmmirror.com/postcss-value-parser/-/postcss-value-parser-4.2.0.tgz"
    "version" "4.2.0"
  
  "postcss@^8.0.9", "postcss@^8.1.0", "postcss@^8.1.10", "postcss@^8.1.6", "postcss@^8.2.14", "postcss@^8.3.5", "postcss@^8.4.16", "postcss@>=8.0.9":
    "integrity" "sha512-ipHE1XBvKzm5xI7hiHCZJCSugxvsdq2mPnsq5+UF+VHCjiBvtDrlxJfMBToWaP9D5XlgNmcFGqoHmUn0EYEaRQ=="
    "resolved" "https://registry.npmmirror.com/postcss/-/postcss-8.4.16.tgz"
    "version" "8.4.16"
    dependencies:
      "nanoid" "^3.3.4"
      "picocolors" "^1.0.0"
      "source-map-js" "^1.0.2"
  
  "pretty-hrtime@^1.0.3":
    "integrity" "sha512-66hKPCr+72mlfiSjlEB1+45IjXSqvVAIy6mocupoww4tBFE9R9IhwwUGoI4G++Tc9Aq+2rxOt0RFU6gPcrte0A=="
    "resolved" "https://registry.npmmirror.com/pretty-hrtime/-/pretty-hrtime-1.0.3.tgz"
    "version" "1.0.3"
  
  "prismjs@^1.28.0":
    "integrity" "sha512-Kx/1w86q/epKcmte75LNrEoT+lX8pBpavuAbvJWRXar7Hz8jrtF+e3vY751p0R8H9HdArwaCTNDDzHg/ScJK1Q=="
    "resolved" "https://registry.npmmirror.com/prismjs/-/prismjs-1.29.0.tgz"
    "version" "1.29.0"
  
  "purgecss@^4.0.3":
    "integrity" "sha512-99cKy4s+VZoXnPxaoM23e5ABcP851nC2y2GROkkjS8eJaJtlciGavd7iYAw2V84WeBqggZ12l8ef44G99HmTaw=="
    "resolved" "https://registry.npmmirror.com/purgecss/-/purgecss-4.1.3.tgz"
    "version" "4.1.3"
    dependencies:
      "commander" "^8.0.0"
      "glob" "^7.1.7"
      "postcss" "^8.3.5"
      "postcss-selector-parser" "^6.0.6"
  
  "queue-microtask@^1.2.2":
    "integrity" "sha512-NuaNSa6flKT5JaSYQzJok04JzTL1CA6aGhv5rfLW3PgqA+M2ChpZQnAC8h8i4ZFkBS8X5RqkDBHA7r4hej3K9A=="
    "resolved" "https://registry.npmmirror.com/queue-microtask/-/queue-microtask-1.2.3.tgz"
    "version" "1.2.3"
  
  "quick-lru@^5.1.1":
    "integrity" "sha512-WuyALRjWPDGtt/wzJiadO5AXY+8hZ80hVpe6MyivgraREW751X3SbhRvG3eLKOYN+8VEvqLcf3wdnt44Z4S4SA=="
    "resolved" "https://registry.npmmirror.com/quick-lru/-/quick-lru-5.1.1.tgz"
    "version" "5.1.1"
  
  "readable-stream@^3.4.0":
    "integrity" "sha512-BViHy7LKeTz4oNnkcLJ+lVSL6vpiFeX6/d3oSH8zCW7UxP2onchk+vTGB143xuFjHS3deTgkKoXXymXqymiIdA=="
    "resolved" "https://registry.npmmirror.com/readable-stream/-/readable-stream-3.6.0.tgz"
    "version" "3.6.0"
    dependencies:
      "inherits" "^2.0.3"
      "string_decoder" "^1.1.1"
      "util-deprecate" "^1.0.1"
  
  "readdirp@~3.6.0":
    "integrity" "sha512-hOS089on8RduqdbhvQ5Z37A0ESjsqz6qnRcffsMU3495FuTdqSm+7bhJ29JvIOsBDEEnan5DPu9t3To9VRlMzA=="
    "resolved" "https://registry.npmmirror.com/readdirp/-/readdirp-3.6.0.tgz"
    "version" "3.6.0"
    dependencies:
      "picomatch" "^2.2.1"
  
  "reduce-css-calc@^2.1.8":
    "integrity" "sha512-8liAVezDmUcH+tdzoEGrhfbGcP7nOV4NkGE3a74+qqvE7nt9i4sKLGBuZNOnpI4WiGksiNPklZxva80061QiPg=="
    "resolved" "https://registry.npmmirror.com/reduce-css-calc/-/reduce-css-calc-2.1.8.tgz"
    "version" "2.1.8"
    dependencies:
      "css-unit-converter" "^1.1.1"
      "postcss-value-parser" "^3.3.0"
  
  "resolve-from@^4.0.0":
    "integrity" "sha512-pb/MYmXstAkysRFx8piNI1tGFNQIFA3vkE3Gq4EuA1dF6gHp/+vgZqsCGJapvy8N3Q+4o7FwvquPJcnZ7RYy4g=="
    "resolved" "https://registry.npmmirror.com/resolve-from/-/resolve-from-4.0.0.tgz"
    "version" "4.0.0"
  
  "resolve@^1.20.0", "resolve@^1.22.1":
    "integrity" "sha512-nBpuuYuY5jFsli/JIs1oldw6fOQCBioohqWZg/2hiaOybXOft4lonv85uDOKXdf8rhyK159cxU5cDcK/NKk8zw=="
    "resolved" "https://registry.npmmirror.com/resolve/-/resolve-1.22.1.tgz"
    "version" "1.22.1"
    dependencies:
      "is-core-module" "^2.9.0"
      "path-parse" "^1.0.7"
      "supports-preserve-symlinks-flag" "^1.0.0"
  
  "restore-cursor@^3.1.0":
    "integrity" "sha512-l+sSefzHpj5qimhFSE5a8nufZYAM3sBSVMAPtYkmC+4EH2anSGaEMXSD0izRQbu9nfyQ9y5JrVmp7E8oZrUjvA=="
    "resolved" "https://registry.npmmirror.com/restore-cursor/-/restore-cursor-3.1.0.tgz"
    "version" "3.1.0"
    dependencies:
      "onetime" "^5.1.0"
      "signal-exit" "^3.0.2"
  
  "restore-cursor@^4.0.0":
    "integrity" "sha512-I9fPXU9geO9bHOt9pHHOhOkYerIMsmVaWB0rA2AI9ERh/+x/i7MV5HKBNrg+ljO5eoPVgCcnFuRjJ9uH6I/3eg=="
    "resolved" "https://registry.npmmirror.com/restore-cursor/-/restore-cursor-4.0.0.tgz"
    "version" "4.0.0"
    dependencies:
      "onetime" "^5.1.0"
      "signal-exit" "^3.0.2"
  
  "reusify@^1.0.4":
    "integrity" "sha512-U9nH88a3fc/ekCF1l0/UP1IosiuIjyTh7hBvXVMHYgVcfGvt897Xguj2UOLDeI5BG2m7/uwyaLVT6fbtCwTyzw=="
    "resolved" "https://registry.npmmirror.com/reusify/-/reusify-1.0.4.tgz"
    "version" "1.0.4"
  
  "rgb-regex@^1.0.1":
    "integrity" "sha512-gDK5mkALDFER2YLqH6imYvK6g02gpNGM4ILDZ472EwWfXZnC2ZEpoB2ECXTyOVUKuk/bPJZMzwQPBYICzP+D3w=="
    "resolved" "https://registry.npmmirror.com/rgb-regex/-/rgb-regex-1.0.1.tgz"
    "version" "1.0.1"
  
  "rgba-regex@^1.0.0":
    "integrity" "sha512-zgn5OjNQXLUTdq8m17KdaicF6w89TZs8ZU8y0AYENIU6wG8GG6LLm0yLSiPY8DmaYmHdgRW8rnApjoT0fQRfMg=="
    "resolved" "https://registry.npmmirror.com/rgba-regex/-/rgba-regex-1.0.0.tgz"
    "version" "1.0.0"
  
  "rimraf@^3.0.0":
    "integrity" "sha512-JZkJMZkAGFFPP2YqXZXPbMlMBgsxzE8ILs4lMIX/2o0L9UBw9O/Y3o6wFw/i9YLapcUJWwqbi3kdxIPdC62TIA=="
    "resolved" "https://registry.npmmirror.com/rimraf/-/rimraf-3.0.2.tgz"
    "version" "3.0.2"
    dependencies:
      "glob" "^7.1.3"
  
  "rollup@^2.78.1":
    "integrity" "sha512-x4KsrCgwQ7ZJPcFA/SUu6QVcYlO7uRLfLAy0DSA4NS2eG8japdbpM50ToH7z4iObodRYOJ0soneF0iaQRJ6zhA=="
    "resolved" "https://registry.npmmirror.com/rollup/-/rollup-2.79.0.tgz"
    "version" "2.79.0"
    optionalDependencies:
      "fsevents" "~2.3.2"
  
  "rollup@>=2.75.6 <2.77.0 || ~2.77.0":
    "integrity" "sha512-/qxNTG7FbmefJWoeeYJFbHehJ2HNWnjkAFRKzWN/45eNBBF/r8lo992CwcJXEzyVxs5FmfId+vTSTQDb+bxA+g=="
    "resolved" "https://registry.npmmirror.com/rollup/-/rollup-2.77.3.tgz"
    "version" "2.77.3"
    optionalDependencies:
      "fsevents" "~2.3.2"
  
  "run-parallel@^1.1.9":
    "integrity" "sha512-5l4VyZR86LZ/lDxZTR6jqL8AFE2S0IFLMP26AbjsLVADxHdhB/c0GUsH+y39UfCi3dzz8OlQuPmnaJOMoDHQBA=="
    "resolved" "https://registry.npmmirror.com/run-parallel/-/run-parallel-1.2.0.tgz"
    "version" "1.2.0"
    dependencies:
      "queue-microtask" "^1.2.2"
  
  "safe-buffer@~5.2.0":
    "integrity" "sha512-rp3So07KcdmmKbGvgaNxQSJr7bGVSVk5S9Eq1F+ppbRo70+YeaDxkw5Dd8NPN+GD6bjnYm2VuPuCXmpuYvmCXQ=="
    "resolved" "https://registry.npmmirror.com/safe-buffer/-/safe-buffer-5.2.1.tgz"
    "version" "5.2.1"
  
  "sass@*", "sass@^1.54.5":
    "integrity" "sha512-xb1hjASzEH+0L0WI9oFjqhRi51t/gagWnxLiwUNMltA0Ab6jIDkAacgKiGYKM9Jhy109osM7woEEai6SXeJo5Q=="
    "resolved" "https://registry.npmmirror.com/sass/-/sass-1.54.9.tgz"
    "version" "1.54.9"
    dependencies:
      "chokidar" ">=3.0.0 <4.0.0"
      "immutable" "^4.0.0"
      "source-map-js" ">=0.6.2 <2.0.0"
  
  "section-matter@^1.0.0":
    "integrity" "sha512-vfD3pmTzGpufjScBh50YHKzEu2lxBWhVEHsNGoEXmCmn2hKGfeNLYMzCJpe8cD7gqX7TJluOVpBkAequ6dgMmA=="
    "resolved" "https://registry.npmmirror.com/section-matter/-/section-matter-1.0.0.tgz"
    "version" "1.0.0"
    dependencies:
      "extend-shallow" "^2.0.1"
      "kind-of" "^6.0.0"
  
  "shebang-command@^2.0.0":
    "integrity" "sha512-kHxr2zZpYtdmrN1qDjrrX/Z1rR1kG8Dx+gkpK1G4eXmvXswmcE1hTWBWYUzlraYw1/yZp6YuDY77YtvbN0dmDA=="
    "resolved" "https://registry.npmmirror.com/shebang-command/-/shebang-command-2.0.0.tgz"
    "version" "2.0.0"
    dependencies:
      "shebang-regex" "^3.0.0"
  
  "shebang-regex@^3.0.0":
    "integrity" "sha512-7++dFhtcx3353uBaq8DDR4NuxBetBzC7ZQOhmTQInHEd6bSrXdiEyzCvG07Z44UYdLShWUyXt5M/yhz8ekcb1A=="
    "resolved" "https://registry.npmmirror.com/shebang-regex/-/shebang-regex-3.0.0.tgz"
    "version" "3.0.0"
  
  "signal-exit@^3.0.2", "signal-exit@^3.0.7":
    "integrity" "sha512-wnD2ZE+l+SPC/uoS0vXeE9L1+0wuaMqKlfz9AMUo38JsyLSBWSFcHR1Rri62LZc12vLr1gb3jl7iwQhgwpAbGQ=="
    "resolved" "https://registry.npmmirror.com/signal-exit/-/signal-exit-3.0.7.tgz"
    "version" "3.0.7"
  
  "simple-swizzle@^0.2.2":
    "integrity" "sha512-JA//kQgZtbuY83m+xT+tXJkmJncGMTFT+C+g2h2R9uxkYIrE2yy9sgmcLhCnw57/WSD+Eh3J97FPEDFnbXnDUg=="
    "resolved" "https://registry.npmmirror.com/simple-swizzle/-/simple-swizzle-0.2.2.tgz"
    "version" "0.2.2"
    dependencies:
      "is-arrayish" "^0.3.1"
  
  "slash@^3.0.0":
    "integrity" "sha512-g9Q1haeby36OSStwb4ntCGGGaKsaVSjQ68fBxoQcutl5fS1vuY18H3wSt3jFyFtrkx+Kz0V1G85A4MyAdDMi2Q=="
    "resolved" "https://registry.npmmirror.com/slash/-/slash-3.0.0.tgz"
    "version" "3.0.0"
  
  "slash@^4.0.0":
    "integrity" "sha512-3dOsAHXXUkQTpOYcoAxLIorMTp4gIQr5IW3iVb7A7lFIp0VHhnynm9izx6TssdrIcVIESAlVjtnO2K8bg+Coew=="
    "resolved" "https://registry.npmmirror.com/slash/-/slash-4.0.0.tgz"
    "version" "4.0.0"
  
  "source-map-js@^1.0.2", "source-map-js@>=0.6.2 <2.0.0":
    "integrity" "sha512-R0XvVJ9WusLiqTCEiGCmICCMplcCkIwwR11mOSD9CR5u+IXYdiseeEuXCVAjS54zqwkLcPNnmU4OeJ6tUrWhDw=="
    "resolved" "https://registry.npmmirror.com/source-map-js/-/source-map-js-1.0.2.tgz"
    "version" "1.0.2"
  
  "source-map@^0.6.1":
    "integrity" "sha512-UjgapumWlbMhkBgzT7Ykc5YXUT46F0iKu8SGXq0bcwP5dz/h0Plj6enJqjz1Zbq2l5WaqYnrVbwWOWMyF3F47g=="
    "resolved" "https://registry.npmmirror.com/source-map/-/source-map-0.6.1.tgz"
    "version" "0.6.1"
  
  "sourcemap-codec@^1.4.8":
    "integrity" "sha512-9NykojV5Uih4lgo5So5dtw+f0JgJX30KCNI8gwhz2J9A15wD0Ml6tjHKwf6fTSa6fAdVBdZeNOs9eJ71qCk8vA=="
    "resolved" "https://registry.npmmirror.com/sourcemap-codec/-/sourcemap-codec-1.4.8.tgz"
    "version" "1.4.8"
  
  "sprintf-js@~1.0.2":
    "integrity" "sha512-D9cPgkvLlV3t3IzL0D0YLvGA9Ahk4PcvVwUbN0dSGr1aP0Nrt4AEnTUbuGvquEC0mA64Gqt1fzirlRs5ibXx8g=="
    "resolved" "https://registry.npmmirror.com/sprintf-js/-/sprintf-js-1.0.3.tgz"
    "version" "1.0.3"
  
  "string_decoder@^1.1.1":
    "integrity" "sha512-hkRX8U1WjJFd8LsDJ2yQ/wWWxaopEsABU1XfkM8A+j0+85JAGppt16cr1Whg6KIbb4okU6Mql6BOj+uup/wKeA=="
    "resolved" "https://registry.npmmirror.com/string_decoder/-/string_decoder-1.3.0.tgz"
    "version" "1.3.0"
    dependencies:
      "safe-buffer" "~5.2.0"
  
  "strip-ansi@^6.0.0":
    "integrity" "sha512-Y38VPSHcqkFrCpFnQ9vuSXmquuv5oXOKpGeT6aGrr3o3Gc9AlVa6JBfUSOCnbxGGZF+/0ooI7KrPuUSztUdU5A=="
    "resolved" "https://registry.npmmirror.com/strip-ansi/-/strip-ansi-6.0.1.tgz"
    "version" "6.0.1"
    dependencies:
      "ansi-regex" "^5.0.1"
  
  "strip-ansi@^7.0.1":
    "integrity" "sha512-cXNxvT8dFNRVfhVME3JAe98mkXDYN2O1l7jmcwMnOslDeESg1rF/OZMtK0nRAhiari1unG5cD4jG3rapUAkLbw=="
    "resolved" "https://registry.npmmirror.com/strip-ansi/-/strip-ansi-7.0.1.tgz"
    "version" "7.0.1"
    dependencies:
      "ansi-regex" "^6.0.1"
  
  "strip-bom-string@^1.0.0":
    "integrity" "sha512-uCC2VHvQRYu+lMh4My/sFNmF2klFymLX1wHJeXnbEJERpV/ZsVuonzerjfrGpIGF7LBVa1O7i9kjiWvJiFck8g=="
    "resolved" "https://registry.npmmirror.com/strip-bom-string/-/strip-bom-string-1.0.0.tgz"
    "version" "1.0.0"
  
  "strip-final-newline@^3.0.0":
    "integrity" "sha512-dOESqjYr96iWYylGObzd39EuNTa5VJxyvVAEm5Jnh7KGo75V43Hk1odPQkNDyXNmUR6k+gEiDVXnjB8HJ3crXw=="
    "resolved" "https://registry.npmmirror.com/strip-final-newline/-/strip-final-newline-3.0.0.tgz"
    "version" "3.0.0"
  
  "supports-color@^5.3.0":
    "integrity" "sha512-QjVjwdXIt408MIiAqCX4oUKsgU2EqAGzs2Ppkm4aQYbjm+ZEWEcW4SfFNTr4uMNZma0ey4f5lgLrkB0aX0QMow=="
    "resolved" "https://registry.npmmirror.com/supports-color/-/supports-color-5.5.0.tgz"
    "version" "5.5.0"
    dependencies:
      "has-flag" "^3.0.0"
  
  "supports-color@^7.1.0":
    "integrity" "sha512-qpCAvRl9stuOHveKsn7HncJRvv501qIacKzQlO/+Lwxc9+0q2wLyv4Dfvt80/DPn2pqOBsJdDiogXGR9+OvwRw=="
    "resolved" "https://registry.npmmirror.com/supports-color/-/supports-color-7.2.0.tgz"
    "version" "7.2.0"
    dependencies:
      "has-flag" "^4.0.0"
  
  "supports-preserve-symlinks-flag@^1.0.0":
    "integrity" "sha512-ot0WnXS9fgdkgIcePe6RHNk1WA8+muPa6cSjeR3V8K27q9BB1rTE3R1p7Hv0z1ZyAc8s6Vvv8DIyWf681MAt0w=="
    "resolved" "https://registry.npmmirror.com/supports-preserve-symlinks-flag/-/supports-preserve-symlinks-flag-1.0.0.tgz"
    "version" "1.0.0"
  
  "tailwindcss@^2.1.1":
    "integrity" "sha512-6Ui7JSVtXadtTUo2NtkBBacobzWiQYVjYW0ZnKaP9S1ZCKQ0w7KVNz+YSDI/j7O7KCMHbOkz94ZMQhbT9pOqjw=="
    "resolved" "https://registry.npmmirror.com/tailwindcss/-/tailwindcss-2.2.19.tgz"
    "version" "2.2.19"
    dependencies:
      "arg" "^5.0.1"
      "bytes" "^3.0.0"
      "chalk" "^4.1.2"
      "chokidar" "^3.5.2"
      "color" "^4.0.1"
      "cosmiconfig" "^7.0.1"
      "detective" "^5.2.0"
      "didyoumean" "^1.2.2"
      "dlv" "^1.1.3"
      "fast-glob" "^3.2.7"
      "fs-extra" "^10.0.0"
      "glob-parent" "^6.0.1"
      "html-tags" "^3.1.0"
      "is-color-stop" "^1.1.0"
      "is-glob" "^4.0.1"
      "lodash" "^4.17.21"
      "lodash.topath" "^4.5.2"
      "modern-normalize" "^1.1.0"
      "node-emoji" "^1.11.0"
      "normalize-path" "^3.0.0"
      "object-hash" "^2.2.0"
      "postcss-js" "^3.0.3"
      "postcss-load-config" "^3.1.0"
      "postcss-nested" "5.0.6"
      "postcss-selector-parser" "^6.0.6"
      "postcss-value-parser" "^4.1.0"
      "pretty-hrtime" "^1.0.3"
      "purgecss" "^4.0.3"
      "quick-lru" "^5.1.1"
      "reduce-css-calc" "^2.1.8"
      "resolve" "^1.20.0"
      "tmp" "^0.2.1"
  
  "tmp@^0.2.1":
    "integrity" "sha512-76SUhtfqR2Ijn+xllcI5P1oyannHNHByD80W1q447gU3mp9G9PSpGdWmjUOHRDPiHYacIk66W7ubDTuPF3BEtQ=="
    "resolved" "https://registry.npmmirror.com/tmp/-/tmp-0.2.1.tgz"
    "version" "0.2.1"
    dependencies:
      "rimraf" "^3.0.0"
  
  "to-regex-range@^5.0.1":
    "integrity" "sha512-65P7iz6X5yEr1cwcgvQxbbIw7Uk3gOy5dIdtZ4rDveLqhrdJP+Li/Hx6tyK0NEb+2GCyneCMJiGqrADCSNk8sQ=="
    "resolved" "https://registry.npmmirror.com/to-regex-range/-/to-regex-range-5.0.1.tgz"
    "version" "5.0.1"
    dependencies:
      "is-number" "^7.0.0"
  
  "toml@^3.0.0":
    "integrity" "sha512-y/mWCZinnvxjTKYhJ+pYxwD0mRLVvOtdS2Awbgxln6iEnt4rk0yBxeSBHkGJcPucRiG0e55mwWp+g/05rsrd6w=="
    "resolved" "https://registry.npmmirror.com/toml/-/toml-3.0.0.tgz"
    "version" "3.0.0"
  
  "ts-debounce@^4.0.0":
    "integrity" "sha512-+1iDGY6NmOGidq7i7xZGA4cm8DAa6fqdYcvO5Z6yBevH++Bdo9Qt/mN0TzHUgcCcKv1gmh9+W5dHqz8pMWbCbg=="
    "resolved" "https://registry.npmmirror.com/ts-debounce/-/ts-debounce-4.0.0.tgz"
    "version" "4.0.0"
  
  "uc.micro@^1.0.1", "uc.micro@^1.0.5":
    "integrity" "sha512-8Y75pvTYkLJW2hWQHXxoqRgV7qb9B+9vFEtidML+7koHUFapnVJAZ6cKs+Qjz5Aw3aZWHMC6u0wJE3At+nSGwA=="
    "resolved" "https://registry.npmmirror.com/uc.micro/-/uc.micro-1.0.6.tgz"
    "version" "1.0.6"
  
  "universalify@^2.0.0":
    "integrity" "sha512-hAZsKq7Yy11Zu1DE0OzWjw7nnLZmJZYTDZZyEFHZdUhV8FkH5MCfoU1XMaxXovpyW5nq5scPqq0ZDP9Zyl04oQ=="
    "resolved" "https://registry.npmmirror.com/universalify/-/universalify-2.0.0.tgz"
    "version" "2.0.0"
  
  "upath@^2.0.1":
    "integrity" "sha512-1uEe95xksV1O0CYKXo8vQvN1JEbtJp7lb7C5U9HMsIp6IVwntkH/oNUzyVNQSd4S1sYk2FpSSW44FqMc8qee5w=="
    "resolved" "https://registry.npmmirror.com/upath/-/upath-2.0.1.tgz"
    "version" "2.0.1"
  
  "update-browserslist-db@^1.0.9":
    "integrity" "sha512-/xsqn21EGVdXI3EXSum1Yckj3ZVZugqyOZQ/CxYPBD/R+ko9NSUScf8tFF4dOKY+2pvSSJA/S+5B8s4Zr4kyvg=="
    "resolved" "https://registry.npmmirror.com/update-browserslist-db/-/update-browserslist-db-1.0.9.tgz"
    "version" "1.0.9"
    dependencies:
      "escalade" "^3.1.1"
      "picocolors" "^1.0.0"
  
  "util-deprecate@^1.0.1", "util-deprecate@^1.0.2":
    "integrity" "sha512-EPD5q1uXyFxJpCrLnCc1nHnq3gOa6DZBocAIiI2TaSCA7VCJ1UJDMagCzIkXNsUYfD1daK//LTEQ8xiIbrHtcw=="
    "resolved" "https://registry.npmmirror.com/util-deprecate/-/util-deprecate-1.0.2.tgz"
    "version" "1.0.2"
  
  "vite@^3.0.0", "vite@~3.0.9":
    "integrity" "sha512-waYABTM+G6DBTCpYAxvevpG50UOlZuynR0ckTK5PawNVt7ebX6X7wNXHaGIO6wYYFXSM7/WcuFuO2QzhBB6aMw=="
    "resolved" "https://registry.npmmirror.com/vite/-/vite-3.0.9.tgz"
    "version" "3.0.9"
    dependencies:
      "esbuild" "^0.14.47"
      "postcss" "^8.4.16"
      "resolve" "^1.22.1"
      "rollup" ">=2.75.6 <2.77.0 || ~2.77.0"
    optionalDependencies:
      "fsevents" "~2.3.2"
  
  "vue-demi@*":
    "integrity" "sha512-IR8HoEEGM65YY3ZJYAjMlKygDQn25D5ajNFNoKh9RSDMQtlzCxtfQjdQgv9jjK+m3377SsJXY8ysq8kLCZL25A=="
    "resolved" "https://registry.npmmirror.com/vue-demi/-/vue-demi-0.13.11.tgz"
    "version" "0.13.11"
  
  "vue-router@^4.0.12", "vue-router@^4.1.4":
    "integrity" "sha512-IsvoF5D2GQ/EGTs/Th4NQms9gd2NSqV+yylxIyp/OYp8xOwxmU8Kj/74E9DTSYAyH5LX7idVUngN3JSj1X4xcQ=="
    "resolved" "https://registry.npmmirror.com/vue-router/-/vue-router-4.1.5.tgz"
    "version" "4.1.5"
    dependencies:
      "@vue/devtools-api" "^6.1.4"
  
  "vue@^3.0.0-0 || ^2.6.0", "vue@^3.2.0", "vue@^3.2.24", "vue@^3.2.25", "vue@^3.2.37", "vue@3.2.39":
    "integrity" "sha512-tRkguhRTw9NmIPXhzk21YFBqXHT2t+6C6wPOgQ50fcFVWnPdetmRqbmySRHznrYjX2E47u0cGlKGcxKZJ38R/g=="
    "resolved" "https://registry.npmmirror.com/vue/-/vue-3.2.39.tgz"
    "version" "3.2.39"
    dependencies:
      "@vue/compiler-dom" "3.2.39"
      "@vue/compiler-sfc" "3.2.39"
      "@vue/runtime-dom" "3.2.39"
      "@vue/server-renderer" "3.2.39"
      "@vue/shared" "3.2.39"
  
  "vuepress-vite@2.0.0-beta.51":
    "integrity" "sha512-EfvIBwmgRmj5xO6a3hZxRB5PRNkNK3f6RWunBEgRB31sDpGz9ZAEOTRZZ8lIPM/H1wSH39JkHUDm7fVgeuCCDg=="
    "resolved" "https://registry.npmmirror.com/vuepress-vite/-/vuepress-vite-2.0.0-beta.51.tgz"
    "version" "2.0.0-beta.51"
    dependencies:
      "@vuepress/bundler-vite" "2.0.0-beta.51"
      "@vuepress/cli" "2.0.0-beta.51"
      "@vuepress/core" "2.0.0-beta.51"
      "@vuepress/theme-default" "2.0.0-beta.51"
  
  "vuepress@^2.0.0-beta.51":
    "integrity" "sha512-IEavO4+9OpyjL9UANVbH8LZ3Cgmj6Amjt41JPM5nZ29U0aDsHJeVWDwyuMVYTlOvZiY+JDHEtIbfM839wFzEcw=="
    "resolved" "https://registry.npmmirror.com/vuepress/-/vuepress-2.0.0-beta.51.tgz"
    "version" "2.0.0-beta.51"
    dependencies:
      "vuepress-vite" "2.0.0-beta.51"
  
  "wcwidth@^1.0.1":
    "integrity" "sha512-XHPEwS0q6TaxcvG85+8EYkbiCux2XtWG2mkc47Ng2A77BQu9+DqIOJldST4HgPkuea7dvKSj5VgX3P1d4rW8Tg=="
    "resolved" "https://registry.npmmirror.com/wcwidth/-/wcwidth-1.0.1.tgz"
    "version" "1.0.1"
    dependencies:
      "defaults" "^1.0.3"
  
  "which@^2.0.1":
    "integrity" "sha512-BLI3Tl1TW3Pvl70l3yq3Y64i+awpwXqsGBYWkkqMtnbXgrMD+yj7rhW0kuEDxzJaYXGjEW5ogapKNMEKNMjibA=="
    "resolved" "https://registry.npmmirror.com/which/-/which-2.0.2.tgz"
    "version" "2.0.2"
    dependencies:
      "isexe" "^2.0.0"
  
  "wrappy@1":
    "integrity" "sha512-l4Sp/DRseor9wL6EvV2+TuQn63dMkPjZ/sp9XkghTEbV9KlPS1xUsZ3u7/IQO4wxtcFB4bgpQPRcR3QCvezPcQ=="
    "resolved" "https://registry.npmmirror.com/wrappy/-/wrappy-1.0.2.tgz"
    "version" "1.0.2"
  
  "xtend@^4.0.2":
    "integrity" "sha512-LKYU1iAXJXUgAXn9URjiu+MWhyUXHsvfp7mcuYm9dSUKK0/CjtrUwFAxD82/mCWbtLsGjFIad0wIsod4zrTAEQ=="
    "resolved" "https://registry.npmmirror.com/xtend/-/xtend-4.0.2.tgz"
    "version" "4.0.2"
  
  "yaml@^1.10.0", "yaml@^1.10.2":
    "integrity" "sha512-r3vXyErRCYJ7wg28yvBY5VSoAF8ZvlcW9/BwUzEtUsjvX/DKs24dIkuwjtuprwJJHsbyUbLApepYTR1BN4uHrg=="
    "resolved" "https://registry.npmmirror.com/yaml/-/yaml-1.10.2.tgz"
    "version" "1.10.2"
